
> rephlo-backend@1.0.0 build
> tsc

src/__tests__/mocks/auth.service.mock.ts(1,10): error TS2724: '"@prisma/client"' has no exported member named 'User'. Did you mean 'users'?
src/__tests__/mocks/credit.service.mock.ts(1,10): error TS2724: '"@prisma/client"' has no exported member named 'Credit'. Did you mean 'credits'?
src/__tests__/mocks/model.service.mock.ts(2,10): error TS2724: '"@prisma/client"' has no exported member named 'SubscriptionTier'. Did you mean 'subscription_tier'?
src/__tests__/mocks/subscription.service.mock.ts(1,10): error TS2724: '"@prisma/client"' has no exported member named 'Subscription'. Did you mean 'subscriptions'?
src/__tests__/mocks/usage.service.mock.ts(1,10): error TS2305: Module '"@prisma/client"' has no exported member 'UsageHistory'.
src/__tests__/mocks/webhook.service.mock.ts(1,10): error TS2724: '"@prisma/client"' has no exported member named 'WebhookConfig'. Did you mean 'webhook_configs'?
src/__tests__/mocks/webhook.service.mock.ts(1,25): error TS2724: '"@prisma/client"' has no exported member named 'WebhookLog'. Did you mean 'webhook_logs'?
src/controllers/admin.controller.ts(97,47): error TS2551: Property 'download' does not exist on type 'PrismaClient<PrismaClientOptions, never, DefaultArgs>'. Did you mean 'downloads'?
src/controllers/admin.controller.ts(122,47): error TS2551: Property 'feedback' does not exist on type 'PrismaClient<PrismaClientOptions, never, DefaultArgs>'. Did you mean 'feedbacks'?
src/controllers/admin.controller.ts(123,53): error TS2551: Property 'feedback' does not exist on type 'PrismaClient<PrismaClientOptions, never, DefaultArgs>'. Did you mean 'feedbacks'?
src/controllers/admin.controller.ts(132,49): error TS2551: Property 'diagnostic' does not exist on type 'PrismaClient<PrismaClientOptions, never, DefaultArgs>'. Did you mean 'diagnostics'?
src/controllers/admin.controller.ts(142,47): error TS2551: Property 'download' does not exist on type 'PrismaClient<PrismaClientOptions, never, DefaultArgs>'. Did you mean 'downloads'?
src/controllers/admin.controller.ts(151,46): error TS2551: Property 'download' does not exist on type 'PrismaClient<PrismaClientOptions, never, DefaultArgs>'. Did you mean 'downloads'?
src/controllers/admin.controller.ts(252,39): error TS2551: Property 'user' does not exist on type 'PrismaClient<PrismaClientOptions, never, DefaultArgs>'. Did you mean 'users'?
src/controllers/admin.controller.ts(255,39): error TS2551: Property 'user' does not exist on type 'PrismaClient<PrismaClientOptions, never, DefaultArgs>'. Did you mean 'users'?
src/controllers/admin.controller.ts(299,20): error TS7006: Parameter 'user' implicitly has an 'any' type.
src/controllers/admin.controller.ts(372,38): error TS2551: Property 'user' does not exist on type 'PrismaClient<PrismaClientOptions, never, DefaultArgs>'. Did you mean 'users'?
src/controllers/admin.controller.ts(440,39): error TS2551: Property 'subscription' does not exist on type 'PrismaClient<PrismaClientOptions, never, DefaultArgs>'. Did you mean 'subscriptions'?
src/controllers/admin.controller.ts(449,18): error TS7006: Parameter 's' implicitly has an 'any' type.
src/controllers/admin.controller.ts(450,18): error TS7006: Parameter 'acc' implicitly has an 'any' type.
src/controllers/admin.controller.ts(450,23): error TS7006: Parameter 's' implicitly has an 'any' type.
src/controllers/admin.controller.ts(454,22): error TS7006: Parameter 's' implicitly has an 'any' type.
src/controllers/admin.controller.ts(463,22): error TS7006: Parameter 's' implicitly has an 'any' type.
src/controllers/admin.controller.ts(476,39): error TS7006: Parameter 's' implicitly has an 'any' type.
src/controllers/admin.controller.ts(580,44): error TS2339: Property 'usageHistory' does not exist on type 'PrismaClient<PrismaClientOptions, never, DefaultArgs>'.
src/controllers/admin.controller.ts(591,41): error TS2339: Property 'usageHistory' does not exist on type 'PrismaClient<PrismaClientOptions, never, DefaultArgs>'.
src/controllers/admin.controller.ts(603,45): error TS2339: Property 'usageHistory' does not exist on type 'PrismaClient<PrismaClientOptions, never, DefaultArgs>'.
src/controllers/auth-management.controller.ts(126,47): error TS2551: Property 'user' does not exist on type 'PrismaClient<PrismaClientOptions, never, DefaultArgs>'. Did you mean 'users'?
src/controllers/auth-management.controller.ts(141,50): error TS2551: Property 'user' does not exist on type 'PrismaClient<PrismaClientOptions, never, DefaultArgs>'. Did you mean 'users'?
src/controllers/auth-management.controller.ts(175,38): error TS2551: Property 'user' does not exist on type 'PrismaClient<PrismaClientOptions, never, DefaultArgs>'. Did you mean 'users'?
src/controllers/auth-management.controller.ts(273,38): error TS2551: Property 'user' does not exist on type 'PrismaClient<PrismaClientOptions, never, DefaultArgs>'. Did you mean 'users'?
src/controllers/auth-management.controller.ts(333,25): error TS2551: Property 'user' does not exist on type 'PrismaClient<PrismaClientOptions, never, DefaultArgs>'. Did you mean 'users'?
src/controllers/auth-management.controller.ts(420,38): error TS2551: Property 'user' does not exist on type 'PrismaClient<PrismaClientOptions, never, DefaultArgs>'. Did you mean 'users'?
src/controllers/auth-management.controller.ts(430,27): error TS2551: Property 'user' does not exist on type 'PrismaClient<PrismaClientOptions, never, DefaultArgs>'. Did you mean 'users'?
src/controllers/auth-management.controller.ts(532,38): error TS2551: Property 'user' does not exist on type 'PrismaClient<PrismaClientOptions, never, DefaultArgs>'. Did you mean 'users'?
src/controllers/auth-management.controller.ts(597,25): error TS2551: Property 'user' does not exist on type 'PrismaClient<PrismaClientOptions, never, DefaultArgs>'. Did you mean 'users'?
src/controllers/branding.controller.ts(131,42): error TS2551: Property 'download' does not exist on type 'PrismaClient<PrismaClientOptions, never, DefaultArgs>'. Did you mean 'downloads'?
src/controllers/branding.controller.ts(223,42): error TS2551: Property 'feedback' does not exist on type 'PrismaClient<PrismaClientOptions, never, DefaultArgs>'. Did you mean 'feedbacks'?
src/controllers/branding.controller.ts(290,41): error TS2551: Property 'appVersion' does not exist on type 'PrismaClient<PrismaClientOptions, never, DefaultArgs>'. Did you mean 'app_versions'?
src/controllers/branding.controller.ts(401,44): error TS2551: Property 'diagnostic' does not exist on type 'PrismaClient<PrismaClientOptions, never, DefaultArgs>'. Did you mean 'diagnostics'?
src/controllers/campaign.controller.ts(38,9): error TS2322: Type 'unknown' is not assignable to type 'string'.
src/controllers/campaign.controller.ts(40,29): error TS2769: No overload matches this call.
  Overload 1 of 4, '(value: string | number | Date): Date', gave the following error.
    Argument of type 'unknown' is not assignable to parameter of type 'string | number | Date'.
  Overload 2 of 4, '(value: string | number): Date', gave the following error.
    Argument of type 'unknown' is not assignable to parameter of type 'string | number'.
src/controllers/campaign.controller.ts(41,27): error TS2769: No overload matches this call.
  Overload 1 of 4, '(value: string | number | Date): Date', gave the following error.
    Argument of type 'unknown' is not assignable to parameter of type 'string | number | Date'.
  Overload 2 of 4, '(value: string | number): Date', gave the following error.
    Argument of type 'unknown' is not assignable to parameter of type 'string | number'.
src/controllers/campaign.controller.ts(42,9): error TS2322: Type 'unknown' is not assignable to type 'number'.
src/controllers/campaign.controller.ts(43,9): error TS2322: Type '{} | undefined' is not assignable to type 'string | undefined'.
  Type '{}' is not assignable to type 'string'.
src/controllers/campaign.controller.ts(44,9): error TS2322: Type '{}' is not assignable to type 'boolean | undefined'.
src/controllers/campaign.controller.ts(93,60): error TS2769: No overload matches this call.
  Overload 1 of 4, '(value: string | number | Date): Date', gave the following error.
    Argument of type '{}' is not assignable to parameter of type 'string | number | Date'.
  Overload 2 of 4, '(value: string | number): Date', gave the following error.
    Argument of type '{}' is not assignable to parameter of type 'string | number'.
src/controllers/campaign.controller.ts(94,56): error TS2769: No overload matches this call.
  Overload 1 of 4, '(value: string | number | Date): Date', gave the following error.
    Argument of type '{}' is not assignable to parameter of type 'string | number | Date'.
  Overload 2 of 4, '(value: string | number): Date', gave the following error.
    Argument of type '{}' is not assignable to parameter of type 'string | number'.
src/controllers/campaign.controller.ts(102,46): error TS2551: Property 'couponCampaign' does not exist on type 'PrismaClient<PrismaClientOptions, never, DefaultArgs>'. Did you mean 'coupon_campaign'?
src/controllers/campaign.controller.ts(178,42): error TS2551: Property 'couponCampaign' does not exist on type 'PrismaClient<PrismaClientOptions, never, DefaultArgs>'. Did you mean 'coupon_campaign'?
src/controllers/campaign.controller.ts(263,21): error TS2551: Property 'couponCampaign' does not exist on type 'PrismaClient<PrismaClientOptions, never, DefaultArgs>'. Did you mean 'coupon_campaign'?
src/controllers/campaign.controller.ts(269,21): error TS2551: Property 'couponCampaign' does not exist on type 'PrismaClient<PrismaClientOptions, never, DefaultArgs>'. Did you mean 'coupon_campaign'?
src/controllers/campaign.controller.ts(273,46): error TS7006: Parameter 'c' implicitly has an 'any' type.
src/controllers/coupon.controller.ts(55,70): error TS2345: Argument of type 'unknown' is not assignable to parameter of type 'string'.
src/controllers/coupon.controller.ts(209,17): error TS18046: 'data.code' is of type 'unknown'.
src/controllers/coupon.controller.ts(211,45): error TS2345: Argument of type 'unknown' is not assignable to parameter of type 'Value'.
src/controllers/coupon.controller.ts(216,74): error TS2345: Argument of type '{}' is not assignable to parameter of type 'Value'.
src/controllers/coupon.controller.ts(219,31): error TS2769: No overload matches this call.
  Overload 1 of 4, '(value: string | number | Date): Date', gave the following error.
    Argument of type 'unknown' is not assignable to parameter of type 'string | number | Date'.
  Overload 2 of 4, '(value: string | number): Date', gave the following error.
    Argument of type 'unknown' is not assignable to parameter of type 'string | number'.
src/controllers/coupon.controller.ts(220,32): error TS2769: No overload matches this call.
  Overload 1 of 4, '(value: string | number | Date): Date', gave the following error.
    Argument of type 'unknown' is not assignable to parameter of type 'string | number | Date'.
  Overload 2 of 4, '(value: string | number): Date', gave the following error.
    Argument of type 'unknown' is not assignable to parameter of type 'string | number'.
src/controllers/coupon.controller.ts(223,11): error TS2322: Type '{} | null' is not assignable to type 'string | null | undefined'.
  Type '{}' is not assignable to type 'string'.
src/controllers/coupon.controller.ts(228,11): error TS2353: Object literal may only specify known properties, and 'usageLimits' does not exist in type 'couponInclude<DefaultArgs>'.
src/controllers/coupon.controller.ts(238,25): error TS2551: Property 'couponUsageLimit' does not exist on type 'PrismaClient<PrismaClientOptions, never, DefaultArgs>'. Did you mean 'coupon_usage_limit'?
src/controllers/coupon.controller.ts(251,11): error TS2353: Object literal may only specify known properties, and 'usageLimits' does not exist in type 'couponInclude<DefaultArgs>'.
src/controllers/coupon.controller.ts(284,54): error TS18047: 'data.code' is possibly 'null'.
src/controllers/coupon.controller.ts(284,64): error TS2339: Property 'toUpperCase' does not exist on type '{}'.
src/controllers/coupon.controller.ts(286,91): error TS2345: Argument of type '{} | null' is not assignable to parameter of type 'Value'.
  Type 'null' is not assignable to type 'Value'.
src/controllers/coupon.controller.ts(291,84): error TS2345: Argument of type '{}' is not assignable to parameter of type 'Value'.
src/controllers/coupon.controller.ts(294,59): error TS2769: No overload matches this call.
  Overload 1 of 4, '(value: string | number | Date): Date', gave the following error.
    Argument of type '{}' is not assignable to parameter of type 'string | number | Date'.
  Overload 2 of 4, '(value: string | number): Date', gave the following error.
    Argument of type '{}' is not assignable to parameter of type 'string | number'.
src/controllers/coupon.controller.ts(295,61): error TS2769: No overload matches this call.
  Overload 1 of 4, '(value: string | number | Date): Date', gave the following error.
    Argument of type '{}' is not assignable to parameter of type 'string | number | Date'.
  Overload 2 of 4, '(value: string | number): Date', gave the following error.
    Argument of type '{}' is not assignable to parameter of type 'string | number'.
src/controllers/coupon.controller.ts(304,11): error TS2353: Object literal may only specify known properties, and 'usageLimits' does not exist in type 'couponInclude<DefaultArgs>'.
src/controllers/coupon.controller.ts(359,11): error TS2353: Object literal may only specify known properties, and 'usageLimits' does not exist in type 'couponInclude<DefaultArgs>'.
src/controllers/coupon.controller.ts(419,22): error TS2353: Object literal may only specify known properties, and 'createdAt' does not exist in type 'couponOrderByWithRelationInput | couponOrderByWithRelationInput[]'.
src/controllers/coupon.controller.ts(421,13): error TS2353: Object literal may only specify known properties, and 'usageLimits' does not exist in type 'couponInclude<DefaultArgs>'.
src/controllers/coupon.controller.ts(462,21): error TS2551: Property 'couponRedemption' does not exist on type 'PrismaClient<PrismaClientOptions, never, DefaultArgs>'. Did you mean 'coupon_redemption'?
src/controllers/coupon.controller.ts(468,21): error TS2551: Property 'couponRedemption' does not exist on type 'PrismaClient<PrismaClientOptions, never, DefaultArgs>'. Did you mean 'coupon_redemption'?
src/controllers/coupon.controller.ts(473,50): error TS7006: Parameter 'r' implicitly has an 'any' type.
src/controllers/device-activation-management.controller.ts(20,10): error TS2724: '"@prisma/client"' has no exported member named 'ActivationStatus'. Did you mean 'activation_status'?
src/controllers/fraud-detection.controller.ts(55,21): error TS2551: Property 'couponFraudDetection' does not exist on type 'PrismaClient<PrismaClientOptions, never, DefaultArgs>'. Did you mean 'coupon_fraud_detection'?
src/controllers/fraud-detection.controller.ts(61,21): error TS2551: Property 'couponFraudDetection' does not exist on type 'PrismaClient<PrismaClientOptions, never, DefaultArgs>'. Did you mean 'coupon_fraud_detection'?
src/controllers/fraud-detection.controller.ts(65,40): error TS7006: Parameter 'e' implicitly has an 'any' type.
src/controllers/license-management.controller.ts(268,48): error TS7006: Parameter 'a' implicitly has an 'any' type.
src/controllers/license-management.controller.ts(275,57): error TS7006: Parameter 'u' implicitly has an 'any' type.
src/controllers/models.controller.ts(35,10): error TS2724: '"@prisma/client"' has no exported member named 'SubscriptionTier'. Did you mean 'subscription_tier'?
src/controllers/social-auth.controller.ts(243,36): error TS2551: Property 'user' does not exist on type 'PrismaClient<PrismaClientOptions, never, DefaultArgs>'. Did you mean 'users'?
src/controllers/social-auth.controller.ts(254,27): error TS2551: Property 'user' does not exist on type 'PrismaClient<PrismaClientOptions, never, DefaultArgs>'. Did you mean 'users'?
src/controllers/social-auth.controller.ts(263,32): error TS2551: Property 'user' does not exist on type 'PrismaClient<PrismaClientOptions, never, DefaultArgs>'. Did you mean 'users'?
src/controllers/social-auth.controller.ts(269,34): error TS2551: Property 'user' does not exist on type 'PrismaClient<PrismaClientOptions, never, DefaultArgs>'. Did you mean 'users'?
src/controllers/social-auth.controller.ts(295,32): error TS2551: Property 'user' does not exist on type 'PrismaClient<PrismaClientOptions, never, DefaultArgs>'. Did you mean 'users'?
src/controllers/subscriptions.controller.ts(83,31): error TS2551: Property 'userId' does not exist on type '{ status: subscription_status; id: string; tier: subscription_tier; created_at: Date; updated_at: Date; user_id: string; stripe_customer_id: string | null; ... 10 more ...; cancel_at_period_end: boolean; }'. Did you mean 'user_id'?
src/controllers/subscriptions.controller.ts(86,41): error TS2551: Property 'creditsPerMonth' does not exist on type '{ status: subscription_status; id: string; tier: subscription_tier; created_at: Date; updated_at: Date; user_id: string; stripe_customer_id: string | null; ... 10 more ...; cancel_at_period_end: boolean; }'. Did you mean 'credits_per_month'?
src/controllers/subscriptions.controller.ts(87,40): error TS2551: Property 'creditsRollover' does not exist on type '{ status: subscription_status; id: string; tier: subscription_tier; created_at: Date; updated_at: Date; user_id: string; stripe_customer_id: string | null; ... 10 more ...; cancel_at_period_end: boolean; }'. Did you mean 'credits_rollover'?
src/controllers/subscriptions.controller.ts(88,40): error TS2551: Property 'billingInterval' does not exist on type '{ status: subscription_status; id: string; tier: subscription_tier; created_at: Date; updated_at: Date; user_id: string; stripe_customer_id: string | null; ... 10 more ...; cancel_at_period_end: boolean; }'. Did you mean 'billing_interval'?
src/controllers/subscriptions.controller.ts(89,35): error TS2551: Property 'priceCents' does not exist on type '{ status: subscription_status; id: string; tier: subscription_tier; created_at: Date; updated_at: Date; user_id: string; stripe_customer_id: string | null; ... 10 more ...; cancel_at_period_end: boolean; }'. Did you mean 'price_cents'?
src/controllers/subscriptions.controller.ts(90,44): error TS2551: Property 'currentPeriodStart' does not exist on type '{ status: subscription_status; id: string; tier: subscription_tier; created_at: Date; updated_at: Date; user_id: string; stripe_customer_id: string | null; ... 10 more ...; cancel_at_period_end: boolean; }'. Did you mean 'current_period_start'?
src/controllers/subscriptions.controller.ts(91,42): error TS2551: Property 'currentPeriodEnd' does not exist on type '{ status: subscription_status; id: string; tier: subscription_tier; created_at: Date; updated_at: Date; user_id: string; stripe_customer_id: string | null; ... 10 more ...; cancel_at_period_end: boolean; }'. Did you mean 'current_period_end'?
src/controllers/subscriptions.controller.ts(92,33): error TS2551: Property 'trialEnd' does not exist on type '{ status: subscription_status; id: string; tier: subscription_tier; created_at: Date; updated_at: Date; user_id: string; stripe_customer_id: string | null; ... 10 more ...; cancel_at_period_end: boolean; }'. Did you mean 'trial_end'?
src/controllers/subscriptions.controller.ts(93,34): error TS2551: Property 'createdAt' does not exist on type '{ status: subscription_status; id: string; tier: subscription_tier; created_at: Date; updated_at: Date; user_id: string; stripe_customer_id: string | null; ... 10 more ...; cancel_at_period_end: boolean; }'. Did you mean 'created_at'?
src/controllers/subscriptions.controller.ts(176,41): error TS2551: Property 'creditsPerMonth' does not exist on type '{ status: subscription_status; id: string; tier: subscription_tier; created_at: Date; updated_at: Date; user_id: string; stripe_customer_id: string | null; ... 10 more ...; cancel_at_period_end: boolean; }'. Did you mean 'credits_per_month'?
src/controllers/subscriptions.controller.ts(177,46): error TS2551: Property 'stripeSubscriptionId' does not exist on type '{ status: subscription_status; id: string; tier: subscription_tier; created_at: Date; updated_at: Date; user_id: string; stripe_customer_id: string | null; ... 10 more ...; cancel_at_period_end: boolean; }'. Did you mean 'stripe_subscription_id'?
src/controllers/subscriptions.controller.ts(178,34): error TS2551: Property 'createdAt' does not exist on type '{ status: subscription_status; id: string; tier: subscription_tier; created_at: Date; updated_at: Date; user_id: string; stripe_customer_id: string | null; ... 10 more ...; cancel_at_period_end: boolean; }'. Did you mean 'created_at'?
src/controllers/subscriptions.controller.ts(283,41): error TS2551: Property 'creditsPerMonth' does not exist on type '{ status: subscription_status; id: string; tier: subscription_tier; created_at: Date; updated_at: Date; user_id: string; stripe_customer_id: string | null; ... 10 more ...; cancel_at_period_end: boolean; }'. Did you mean 'credits_per_month'?
src/controllers/subscriptions.controller.ts(284,35): error TS2551: Property 'priceCents' does not exist on type '{ status: subscription_status; id: string; tier: subscription_tier; created_at: Date; updated_at: Date; user_id: string; stripe_customer_id: string | null; ... 10 more ...; cancel_at_period_end: boolean; }'. Did you mean 'price_cents'?
src/controllers/subscriptions.controller.ts(285,40): error TS2551: Property 'billingInterval' does not exist on type '{ status: subscription_status; id: string; tier: subscription_tier; created_at: Date; updated_at: Date; user_id: string; stripe_customer_id: string | null; ... 10 more ...; cancel_at_period_end: boolean; }'. Did you mean 'billing_interval'?
src/controllers/subscriptions.controller.ts(286,34): error TS2551: Property 'updatedAt' does not exist on type '{ status: subscription_status; id: string; tier: subscription_tier; created_at: Date; updated_at: Date; user_id: string; stripe_customer_id: string | null; ... 10 more ...; cancel_at_period_end: boolean; }'. Did you mean 'updated_at'?
src/controllers/subscriptions.controller.ts(379,36): error TS2551: Property 'cancelledAt' does not exist on type '{ cancelAtPeriodEnd: boolean; status: subscription_status; id: string; tier: subscription_tier; created_at: Date; updated_at: Date; ... 12 more ...; cancel_at_period_end: boolean; }'. Did you mean 'cancelled_at'?
src/controllers/subscriptions.controller.ts(381,42): error TS2551: Property 'currentPeriodEnd' does not exist on type '{ cancelAtPeriodEnd: boolean; status: subscription_status; id: string; tier: subscription_tier; created_at: Date; updated_at: Date; ... 12 more ...; cancel_at_period_end: boolean; }'. Did you mean 'current_period_end'?
src/db/index.ts(86,14): error TS2551: Property 'download' does not exist on type 'PrismaClient<PrismaClientOptions, never, DefaultArgs>'. Did you mean 'downloads'?
src/db/index.ts(87,14): error TS2551: Property 'feedback' does not exist on type 'PrismaClient<PrismaClientOptions, never, DefaultArgs>'. Did you mean 'feedbacks'?
src/db/index.ts(88,14): error TS2551: Property 'diagnostic' does not exist on type 'PrismaClient<PrismaClientOptions, never, DefaultArgs>'. Did you mean 'diagnostics'?
src/db/index.ts(89,14): error TS2551: Property 'appVersion' does not exist on type 'PrismaClient<PrismaClientOptions, never, DefaultArgs>'. Did you mean 'app_versions'?
src/db/index.ts(112,3): error TS2724: '"@prisma/client"' has no exported member named 'Download'. Did you mean 'downloads'?
src/db/index.ts(113,3): error TS2724: '"@prisma/client"' has no exported member named 'Feedback'. Did you mean 'feedbacks'?
src/db/index.ts(114,3): error TS2724: '"@prisma/client"' has no exported member named 'Diagnostic'. Did you mean 'diagnostics'?
src/db/index.ts(115,3): error TS2724: '"@prisma/client"' has no exported member named 'AppVersion'. Did you mean 'app_versions'?
src/db/seed.ts(168,38): error TS2551: Property 'oAuthClient' does not exist on type 'PrismaClient<PrismaClientOptions, never, DefaultArgs>'. Did you mean 'oauth_clients'?
src/db/seed.ts(233,31): error TS2551: Property 'user' does not exist on type 'PrismaClient<PrismaClientOptions, never, DefaultArgs>'. Did you mean 'users'?
src/db/seed.ts(314,18): error TS2551: Property 'subscription' does not exist on type 'PrismaClient<PrismaClientOptions, never, DefaultArgs>'. Did you mean 'subscriptions'?
src/db/seed.ts(318,39): error TS2551: Property 'subscription' does not exist on type 'PrismaClient<PrismaClientOptions, never, DefaultArgs>'. Did you mean 'subscriptions'?
src/db/seed.ts(368,18): error TS2551: Property 'credit' does not exist on type 'PrismaClient<PrismaClientOptions, never, DefaultArgs>'. Did you mean 'credits'?
src/db/seed.ts(373,33): error TS2551: Property 'credit' does not exist on type 'PrismaClient<PrismaClientOptions, never, DefaultArgs>'. Did you mean 'credits'?
src/db/seed.ts(419,12): error TS2551: Property 'download' does not exist on type 'PrismaClient<PrismaClientOptions, never, DefaultArgs>'. Did you mean 'downloads'?
src/db/seed.ts(426,12): error TS2551: Property 'download' does not exist on type 'PrismaClient<PrismaClientOptions, never, DefaultArgs>'. Did you mean 'downloads'?
src/db/seed.ts(433,12): error TS2551: Property 'download' does not exist on type 'PrismaClient<PrismaClientOptions, never, DefaultArgs>'. Did you mean 'downloads'?
src/db/seed.ts(440,12): error TS2551: Property 'download' does not exist on type 'PrismaClient<PrismaClientOptions, never, DefaultArgs>'. Did you mean 'downloads'?
src/db/seed.ts(447,12): error TS2551: Property 'download' does not exist on type 'PrismaClient<PrismaClientOptions, never, DefaultArgs>'. Did you mean 'downloads'?
src/db/seed.ts(459,12): error TS2551: Property 'feedback' does not exist on type 'PrismaClient<PrismaClientOptions, never, DefaultArgs>'. Did you mean 'feedbacks'?
src/db/seed.ts(466,12): error TS2551: Property 'feedback' does not exist on type 'PrismaClient<PrismaClientOptions, never, DefaultArgs>'. Did you mean 'feedbacks'?
src/db/seed.ts(473,12): error TS2551: Property 'feedback' does not exist on type 'PrismaClient<PrismaClientOptions, never, DefaultArgs>'. Did you mean 'feedbacks'?
src/db/seed.ts(478,12): error TS2551: Property 'feedback' does not exist on type 'PrismaClient<PrismaClientOptions, never, DefaultArgs>'. Did you mean 'feedbacks'?
src/db/seed.ts(485,12): error TS2551: Property 'feedback' does not exist on type 'PrismaClient<PrismaClientOptions, never, DefaultArgs>'. Did you mean 'feedbacks'?
src/db/seed.ts(496,12): error TS2551: Property 'diagnostic' does not exist on type 'PrismaClient<PrismaClientOptions, never, DefaultArgs>'. Did you mean 'diagnostics'?
src/db/seed.ts(503,12): error TS2551: Property 'diagnostic' does not exist on type 'PrismaClient<PrismaClientOptions, never, DefaultArgs>'. Did you mean 'diagnostics'?
src/db/seed.ts(510,12): error TS2551: Property 'diagnostic' does not exist on type 'PrismaClient<PrismaClientOptions, never, DefaultArgs>'. Did you mean 'diagnostics'?
src/db/seed.ts(521,12): error TS2551: Property 'appVersion' does not exist on type 'PrismaClient<PrismaClientOptions, never, DefaultArgs>'. Did you mean 'app_versions'?
src/db/seed.ts(543,12): error TS2551: Property 'appVersion' does not exist on type 'PrismaClient<PrismaClientOptions, never, DefaultArgs>'. Did you mean 'app_versions'?
src/db/seed.ts(564,12): error TS2551: Property 'appVersion' does not exist on type 'PrismaClient<PrismaClientOptions, never, DefaultArgs>'. Did you mean 'app_versions'?
src/db/seed.ts(604,9): error TS2561: Object literal may only specify known properties, but 'displayName' does not exist in type '(Without<roleCreateInput, roleUncheckedCreateInput> & roleUncheckedCreateInput) | (Without<...> & roleCreateInput)'. Did you mean to write 'display_name'?
src/db/seed.ts(625,9): error TS2561: Object literal may only specify known properties, but 'displayName' does not exist in type '(Without<roleCreateInput, roleUncheckedCreateInput> & roleUncheckedCreateInput) | (Without<...> & roleCreateInput)'. Did you mean to write 'display_name'?
src/db/seed.ts(646,9): error TS2561: Object literal may only specify known properties, but 'displayName' does not exist in type '(Without<roleCreateInput, roleUncheckedCreateInput> & roleUncheckedCreateInput) | (Without<...> & roleCreateInput)'. Did you mean to write 'display_name'?
src/db/seed.ts(665,9): error TS2561: Object literal may only specify known properties, but 'displayName' does not exist in type '(Without<roleCreateInput, roleUncheckedCreateInput> & roleUncheckedCreateInput) | (Without<...> & roleCreateInput)'. Did you mean to write 'display_name'?
src/db/seed.ts(683,9): error TS2561: Object literal may only specify known properties, but 'displayName' does not exist in type '(Without<roleCreateInput, roleUncheckedCreateInput> & roleUncheckedCreateInput) | (Without<...> & roleCreateInput)'. Did you mean to write 'display_name'?
src/db/seed.ts(698,9): error TS2561: Object literal may only specify known properties, but 'displayName' does not exist in type '(Without<roleCreateInput, roleUncheckedCreateInput> & roleUncheckedCreateInput) | (Without<...> & roleCreateInput)'. Did you mean to write 'display_name'?
src/db/seed.ts(751,31): error TS2551: Property 'user' does not exist on type 'PrismaClient<PrismaClientOptions, never, DefaultArgs>'. Did you mean 'users'?
src/db/seed.ts(775,39): error TS2551: Property 'userRoleAssignment' does not exist on type 'PrismaClient<PrismaClientOptions, never, DefaultArgs>'. Did you mean 'user_role_assignment'?
src/db/seed.ts(802,18): error TS2551: Property 'userRoleAssignment' does not exist on type 'PrismaClient<PrismaClientOptions, never, DefaultArgs>'. Did you mean 'user_role_assignment'?
src/db/seed.ts(830,37): error TS2551: Property 'permissionOverride' does not exist on type 'PrismaClient<PrismaClientOptions, never, DefaultArgs>'. Did you mean 'permission_override'?
src/interfaces/services/auth.interface.ts(1,10): error TS2724: '"@prisma/client"' has no exported member named 'User'. Did you mean 'users'?
src/interfaces/services/credit.interface.ts(1,10): error TS2724: '"@prisma/client"' has no exported member named 'Credit'. Did you mean 'credits'?
src/interfaces/services/model.interface.ts(1,10): error TS2724: '"@prisma/client"' has no exported member named 'SubscriptionTier'. Did you mean 'subscription_tier'?
src/interfaces/services/subscription.interface.ts(1,10): error TS2724: '"@prisma/client"' has no exported member named 'Subscription'. Did you mean 'subscriptions'?
src/interfaces/services/usage.interface.ts(1,10): error TS2305: Module '"@prisma/client"' has no exported member 'UsageHistory'.
src/interfaces/services/webhook.interface.ts(1,10): error TS2724: '"@prisma/client"' has no exported member named 'WebhookConfig'. Did you mean 'webhook_configs'?
src/interfaces/services/webhook.interface.ts(1,25): error TS2724: '"@prisma/client"' has no exported member named 'WebhookLog'. Did you mean 'webhook_logs'?
src/interfaces/types.ts(5,10): error TS2724: '"@prisma/client"' has no exported member named 'User'. Did you mean 'users'?
src/interfaces/types.ts(5,16): error TS2724: '"@prisma/client"' has no exported member named 'Credit'. Did you mean 'credits'?
src/interfaces/types.ts(5,24): error TS2305: Module '"@prisma/client"' has no exported member 'UsageHistory'.
src/interfaces/types.ts(5,38): error TS2724: '"@prisma/client"' has no exported member named 'Model'. Did you mean 'models'?
src/interfaces/types.ts(5,45): error TS2724: '"@prisma/client"' has no exported member named 'Subscription'. Did you mean 'subscriptions'?
src/routes/mfa.routes.ts(61,33): error TS2551: Property 'user' does not exist on type 'PrismaClient<PrismaClientOptions, never, DefaultArgs>'. Did you mean 'users'?
src/routes/mfa.routes.ts(80,20): error TS2551: Property 'user' does not exist on type 'PrismaClient<PrismaClientOptions, never, DefaultArgs>'. Did you mean 'users'?
src/routes/mfa.routes.ts(131,33): error TS2551: Property 'user' does not exist on type 'PrismaClient<PrismaClientOptions, never, DefaultArgs>'. Did you mean 'users'?
src/routes/mfa.routes.ts(180,20): error TS2551: Property 'user' does not exist on type 'PrismaClient<PrismaClientOptions, never, DefaultArgs>'. Did you mean 'users'?
src/routes/mfa.routes.ts(227,33): error TS2551: Property 'user' does not exist on type 'PrismaClient<PrismaClientOptions, never, DefaultArgs>'. Did you mean 'users'?
src/routes/mfa.routes.ts(321,33): error TS2551: Property 'user' does not exist on type 'PrismaClient<PrismaClientOptions, never, DefaultArgs>'. Did you mean 'users'?
src/routes/mfa.routes.ts(393,20): error TS2551: Property 'user' does not exist on type 'PrismaClient<PrismaClientOptions, never, DefaultArgs>'. Did you mean 'users'?
src/routes/mfa.routes.ts(441,33): error TS2551: Property 'user' does not exist on type 'PrismaClient<PrismaClientOptions, never, DefaultArgs>'. Did you mean 'users'?
src/routes/mfa.routes.ts(522,20): error TS2551: Property 'user' does not exist on type 'PrismaClient<PrismaClientOptions, never, DefaultArgs>'. Did you mean 'users'?
src/routes/mfa.routes.ts(565,33): error TS2551: Property 'user' does not exist on type 'PrismaClient<PrismaClientOptions, never, DefaultArgs>'. Did you mean 'users'?
src/services/admin-analytics.service.ts(131,48): error TS2551: Property 'perpetual_licenses' does not exist on type 'PrismaClient<PrismaClientOptions, never, DefaultArgs>'. Did you mean 'perpetual_license'?
src/services/admin-analytics.service.ts(141,49): error TS2551: Property 'perpetual_licenses' does not exist on type 'PrismaClient<PrismaClientOptions, never, DefaultArgs>'. Did you mean 'perpetual_license'?
src/services/admin-analytics.service.ts(155,47): error TS2551: Property 'version_upgrades' does not exist on type 'PrismaClient<PrismaClientOptions, never, DefaultArgs>'. Did you mean 'version_upgrade'?
src/services/admin-analytics.service.ts(166,48): error TS2551: Property 'version_upgrades' does not exist on type 'PrismaClient<PrismaClientOptions, never, DefaultArgs>'. Did you mean 'version_upgrade'?
src/services/admin-analytics.service.ts(214,9): error TS2561: Object literal may only specify known properties, but 'perpetual_licenses' does not exist in type 'usersWhereInput'. Did you mean to write 'perpetual_license'?
src/services/admin-analytics.service.ts(235,13): error TS2561: Object literal may only specify known properties, but 'perpetual_licenses' does not exist in type 'usersWhereInput'. Did you mean to write 'perpetual_license'?
src/services/admin-analytics.service.ts(261,9): error TS2561: Object literal may only specify known properties, but 'perpetual_licenses' does not exist in type 'usersWhereInput'. Did you mean to write 'perpetual_license'?
src/services/admin-analytics.service.ts(281,13): error TS2561: Object literal may only specify known properties, but 'perpetual_licenses' does not exist in type 'usersWhereInput'. Did you mean to write 'perpetual_license'?
src/services/admin-analytics.service.ts(336,50): error TS2551: Property 'coupon_redemptions' does not exist on type 'PrismaClient<PrismaClientOptions, never, DefaultArgs>'. Did you mean 'coupon_redemption'?
src/services/admin-analytics.service.ts(348,51): error TS2551: Property 'coupon_redemptions' does not exist on type 'PrismaClient<PrismaClientOptions, never, DefaultArgs>'. Did you mean 'coupon_redemption'?
src/services/admin-analytics.service.ts(446,9): error TS2561: Object literal may only specify known properties, but 'user' does not exist in type 'subscription_monetizationInclude<DefaultArgs>'. Did you mean to write 'users'?
src/services/admin-analytics.service.ts(462,33): error TS2339: Property 'user' does not exist on type '{ status: string; id: string; tier: subscription_tier; created_at: Date; updated_at: Date; user_id: string; billing_cycle: string; base_price_usd: Decimal; ... 6 more ...; cancelled_at: Date | null; }'.
src/services/admin-analytics.service.ts(476,40): error TS2551: Property 'perpetual_licenses' does not exist on type 'PrismaClient<PrismaClientOptions, never, DefaultArgs>'. Did you mean 'perpetual_license'?
src/services/admin-analytics.service.ts(491,26): error TS7006: Parameter 'license' implicitly has an 'any' type.
src/services/admin-analytics.service.ts(510,43): error TS2551: Property 'coupon_redemptions' does not exist on type 'PrismaClient<PrismaClientOptions, never, DefaultArgs>'. Did you mean 'coupon_redemption'?
src/services/admin-analytics.service.ts(532,16): error TS7006: Parameter 'redemption' implicitly has an 'any' type.
src/services/admin-analytics.service.ts(533,13): error TS7006: Parameter 'redemption' implicitly has an 'any' type.
src/services/admin-analytics.service.ts(551,43): error TS2551: Property 'credit_allocations' does not exist on type 'PrismaClient<PrismaClientOptions, never, DefaultArgs>'. Did you mean 'credit_allocation'?
src/services/admin-analytics.service.ts(567,29): error TS7006: Parameter 'allocation' implicitly has an 'any' type.
src/services/admin-analytics.service.ts(585,43): error TS2551: Property 'license_activations' does not exist on type 'PrismaClient<PrismaClientOptions, never, DefaultArgs>'. Did you mean 'license_activation'?
src/services/admin-analytics.service.ts(600,29): error TS7006: Parameter 'activation' implicitly has an 'any' type.
src/services/admin-profitability.service.ts(431,40): error TS2551: Property 'modelProviderPricing' does not exist on type 'PrismaClient<PrismaClientOptions, never, DefaultArgs>'. Did you mean 'model_provider_pricing'?
src/services/admin-profitability.service.ts(444,26): error TS7006: Parameter 'price' implicitly has an 'any' type.
src/services/admin-user-detail.service.ts(91,48): error TS2551: Property 'perpetual_licenses' does not exist on type 'PrismaClient<PrismaClientOptions, never, DefaultArgs>'. Did you mean 'perpetual_license'?
src/services/admin-user-detail.service.ts(124,23): error TS2551: Property 'perpetual_licenses' does not exist on type 'PrismaClient<PrismaClientOptions, never, DefaultArgs>'. Did you mean 'perpetual_license'?
src/services/admin-user-detail.service.ts(131,23): error TS2551: Property 'coupon_redemptions' does not exist on type 'PrismaClient<PrismaClientOptions, never, DefaultArgs>'. Did you mean 'coupon_redemption'?
src/services/admin-user-detail.service.ts(243,44): error TS2551: Property 'proration_events' does not exist on type 'PrismaClient<PrismaClientOptions, never, DefaultArgs>'. Did you mean 'proration_event'?
src/services/admin-user-detail.service.ts(276,37): error TS7006: Parameter 'pro' implicitly has an 'any' type.
src/services/admin-user-detail.service.ts(320,39): error TS2551: Property 'perpetual_licenses' does not exist on type 'PrismaClient<PrismaClientOptions, never, DefaultArgs>'. Did you mean 'perpetual_license'?
src/services/admin-user-detail.service.ts(325,42): error TS2551: Property 'perpetual_licenses' does not exist on type 'PrismaClient<PrismaClientOptions, never, DefaultArgs>'. Did you mean 'perpetual_license'?
src/services/admin-user-detail.service.ts(346,42): error TS2551: Property 'version_upgrades' does not exist on type 'PrismaClient<PrismaClientOptions, never, DefaultArgs>'. Did you mean 'version_upgrade'?
src/services/admin-user-detail.service.ts(366,33): error TS7006: Parameter 'license' implicitly has an 'any' type.
src/services/admin-user-detail.service.ts(374,55): error TS7006: Parameter 'activation' implicitly has an 'any' type.
src/services/admin-user-detail.service.ts(383,33): error TS7006: Parameter 'upgrade' implicitly has an 'any' type.
src/services/admin-user-detail.service.ts(439,45): error TS2551: Property 'credit_allocations' does not exist on type 'PrismaClient<PrismaClientOptions, never, DefaultArgs>'. Did you mean 'credit_allocation'?
src/services/admin-user-detail.service.ts(501,21): error TS2551: Property 'credit_allocations' does not exist on type 'PrismaClient<PrismaClientOptions, never, DefaultArgs>'. Did you mean 'credit_allocation'?
src/services/admin-user-detail.service.ts(524,39): error TS7006: Parameter 'alloc' implicitly has an 'any' type.
src/services/admin-user-detail.service.ts(580,39): error TS2551: Property 'coupon_redemptions' does not exist on type 'PrismaClient<PrismaClientOptions, never, DefaultArgs>'. Did you mean 'coupon_redemption'?
src/services/admin-user-detail.service.ts(589,45): error TS2551: Property 'coupon_redemptions' does not exist on type 'PrismaClient<PrismaClientOptions, never, DefaultArgs>'. Did you mean 'coupon_redemption'?
src/services/admin-user-detail.service.ts(630,50): error TS2551: Property 'coupon_redemptions' does not exist on type 'PrismaClient<PrismaClientOptions, never, DefaultArgs>'. Did you mean 'coupon_redemption'?
src/services/admin-user-detail.service.ts(649,39): error TS7006: Parameter 'redemption' implicitly has an 'any' type.
src/services/admin-user-detail.service.ts(789,44): error TS2551: Property 'perpetual_licenses' does not exist on type 'PrismaClient<PrismaClientOptions, never, DefaultArgs>'. Did you mean 'perpetual_license'?
src/services/admin-user-detail.service.ts(802,28): error TS7006: Parameter 'license' implicitly has an 'any' type.
src/services/admin-user-detail.service.ts(815,43): error TS2551: Property 'coupon_redemptions' does not exist on type 'PrismaClient<PrismaClientOptions, never, DefaultArgs>'. Did you mean 'coupon_redemption'?
src/services/admin-user-detail.service.ts(829,27): error TS7006: Parameter 'coupon' implicitly has an 'any' type.
src/services/admin-user-detail.service.ts(842,43): error TS2551: Property 'credit_allocations' does not exist on type 'PrismaClient<PrismaClientOptions, never, DefaultArgs>'. Did you mean 'credit_allocation'?
src/services/admin-user-detail.service.ts(855,27): error TS7006: Parameter 'credit' implicitly has an 'any' type.
src/services/admin-user-detail.service.ts(868,43): error TS2551: Property 'license_activations' does not exist on type 'PrismaClient<PrismaClientOptions, never, DefaultArgs>'. Did you mean 'license_activation'?
src/services/admin-user-detail.service.ts(881,27): error TS7006: Parameter 'device' implicitly has an 'any' type.
src/services/admin/model-tier-admin.service.ts(134,11): error TS2322: Type '{} | null' is not assignable to type 'string | null | undefined'.
  Type '{}' is not assignable to type 'string'.
src/services/admin/model-tier-admin.service.ts(138,11): error TS2353: Object literal may only specify known properties, and 'admin' does not exist in type 'model_tier_audit_logsInclude<DefaultArgs>'.
src/services/admin/model-tier-admin.service.ts(175,37): error TS2339: Property 'admin' does not exist on type '{ model_id: string; id: string; reason: string | null; created_at: Date; admin_user_id: string; ip_address: string | null; previous_value: JsonValue; new_value: JsonValue; change_type: string; }'.
src/services/admin/model-tier-admin.service.ts(212,11): error TS2345: Argument of type 'unknown' is not assignable to parameter of type 'string'.
src/services/admin/model-tier-admin.service.ts(224,11): error TS2322: Type 'unknown' is not assignable to type 'string'.
src/services/admin/model-tier-admin.service.ts(236,11): error TS2322: Type 'unknown' is not assignable to type 'string'.
src/services/admin/model-tier-admin.service.ts(291,11): error TS2353: Object literal may only specify known properties, and 'admin' does not exist in type 'model_tier_audit_logsInclude<DefaultArgs>'.
src/services/admin/model-tier-admin.service.ts(311,25): error TS2339: Property 'admin' does not exist on type '{ model_id: string; id: string; reason: string | null; created_at: Date; admin_user_id: string; ip_address: string | null; previous_value: JsonValue; new_value: JsonValue; change_type: string; }'.
src/services/analytics.service.ts(142,33): error TS2724: '"D:/sources/work/rephlo-sites/backend/node_modules/.prisma/client/index".Prisma' has no exported member named 'TokenUsageLedgerWhereInput'. Did you mean 'token_usage_ledgerWhereInput'?
src/services/analytics.service.ts(238,33): error TS2724: '"D:/sources/work/rephlo-sites/backend/node_modules/.prisma/client/index".Prisma' has no exported member named 'TokenUsageLedgerWhereInput'. Did you mean 'token_usage_ledgerWhereInput'?
src/services/analytics.service.ts(399,33): error TS2724: '"D:/sources/work/rephlo-sites/backend/node_modules/.prisma/client/index".Prisma' has no exported member named 'TokenUsageLedgerWhereInput'. Did you mean 'token_usage_ledgerWhereInput'?
src/services/analytics.service.ts(498,33): error TS2724: '"D:/sources/work/rephlo-sites/backend/node_modules/.prisma/client/index".Prisma' has no exported member named 'TokenUsageLedgerWhereInput'. Did you mean 'token_usage_ledgerWhereInput'?
src/services/analytics.service.ts(526,40): error TS2551: Property 'tokenUsageLedger' does not exist on type 'PrismaClient<PrismaClientOptions, never, DefaultArgs>'. Did you mean 'token_usage_ledger'?
src/services/analytics.service.ts(551,28): error TS7006: Parameter 'row' implicitly has an 'any' type.
src/services/approval-workflow.service.ts(66,11): error TS2353: Object literal may only specify known properties, and 'requester' does not exist in type 'approval_requestsInclude<DefaultArgs>'.
src/services/approval-workflow.service.ts(119,11): error TS2353: Object literal may only specify known properties, and 'requester' does not exist in type 'approval_requestsInclude<DefaultArgs>'.
src/services/approval-workflow.service.ts(154,11): error TS2353: Object literal may only specify known properties, and 'requester' does not exist in type 'approval_requestsInclude<DefaultArgs>'.
src/services/approval-workflow.service.ts(249,11): error TS2353: Object literal may only specify known properties, and 'requester' does not exist in type 'approval_requestsInclude<DefaultArgs>'.
src/services/approval-workflow.service.ts(377,11): error TS2353: Object literal may only specify known properties, and 'requester' does not exist in type 'approval_requestsInclude<DefaultArgs>'.
src/services/audit-log.service.ts(17,24): error TS2724: '"@prisma/client"' has no exported member named 'AdminAuditLog'. Did you mean 'admin_audit_log'?
src/services/audit-log.service.ts(60,25): error TS2551: Property 'adminAuditLog' does not exist on type 'PrismaClient<PrismaClientOptions, never, DefaultArgs>'. Did you mean 'admin_audit_log'?
src/services/audit-log.service.ts(101,24): error TS2551: Property 'adminAuditLog' does not exist on type 'PrismaClient<PrismaClientOptions, never, DefaultArgs>'. Did you mean 'admin_audit_log'?
src/services/audit-log.service.ts(136,24): error TS2551: Property 'adminAuditLog' does not exist on type 'PrismaClient<PrismaClientOptions, never, DefaultArgs>'. Did you mean 'admin_audit_log'?
src/services/audit-log.service.ts(164,24): error TS2551: Property 'adminAuditLog' does not exist on type 'PrismaClient<PrismaClientOptions, never, DefaultArgs>'. Did you mean 'admin_audit_log'?
src/services/audit-log.service.ts(197,24): error TS2551: Property 'adminAuditLog' does not exist on type 'PrismaClient<PrismaClientOptions, never, DefaultArgs>'. Did you mean 'admin_audit_log'?
src/services/billing-payments.service.ts(137,18): error TS2561: Object literal may only specify known properties, but 'userId' does not exist in type 'subscription_monetizationWhereInput'. Did you mean to write 'user_id'?
src/services/billing-payments.service.ts(138,20): error TS2353: Object literal may only specify known properties, and 'createdAt' does not exist in type 'subscription_monetizationOrderByWithRelationInput | subscription_monetizationOrderByWithRelationInput[]'.
src/services/billing-payments.service.ts(141,42): error TS2551: Property 'stripeCustomerId' does not exist on type '{ status: string; id: string; tier: subscription_tier; created_at: Date; updated_at: Date; user_id: string; billing_cycle: string; base_price_usd: Decimal; ... 6 more ...; cancelled_at: Date | null; }'. Did you mean 'stripe_customer_id'?
src/services/billing-payments.service.ts(147,32): error TS2551: Property 'stripeCustomerId' does not exist on type '{ status: string; id: string; tier: subscription_tier; created_at: Date; updated_at: Date; user_id: string; billing_cycle: string; base_price_usd: Decimal; ... 6 more ...; cancelled_at: Date | null; }'. Did you mean 'stripe_customer_id'?
src/services/billing-payments.service.ts(170,18): error TS2561: Object literal may only specify known properties, but 'userId' does not exist in type 'subscription_monetizationWhereInput'. Did you mean to write 'user_id'?
src/services/billing-payments.service.ts(171,20): error TS2353: Object literal may only specify known properties, and 'createdAt' does not exist in type 'subscription_monetizationOrderByWithRelationInput | subscription_monetizationOrderByWithRelationInput[]'.
src/services/billing-payments.service.ts(174,42): error TS2551: Property 'stripeCustomerId' does not exist on type '{ status: string; id: string; tier: subscription_tier; created_at: Date; updated_at: Date; user_id: string; billing_cycle: string; base_price_usd: Decimal; ... 6 more ...; cancelled_at: Date | null; }'. Did you mean 'stripe_customer_id'?
src/services/billing-payments.service.ts(178,55): error TS2551: Property 'stripeCustomerId' does not exist on type '{ status: string; id: string; tier: subscription_tier; created_at: Date; updated_at: Date; user_id: string; billing_cycle: string; base_price_usd: Decimal; ... 6 more ...; cancelled_at: Date | null; }'. Did you mean 'stripe_customer_id'?
src/services/billing-payments.service.ts(229,25): error TS2551: Property 'stripeSubscriptionId' does not exist on type '{ status: string; id: string; tier: subscription_tier; created_at: Date; updated_at: Date; user_id: string; billing_cycle: string; base_price_usd: Decimal; ... 6 more ...; cancelled_at: Date | null; }'. Did you mean 'stripe_subscription_id'?
src/services/billing-payments.service.ts(235,32): error TS2551: Property 'stripeCustomerId' does not exist on type '{ status: string; id: string; tier: subscription_tier; created_at: Date; updated_at: Date; user_id: string; billing_cycle: string; base_price_usd: Decimal; ... 6 more ...; cancelled_at: Date | null; }'. Did you mean 'stripe_customer_id'?
src/services/billing-payments.service.ts(236,36): error TS2551: Property 'stripeSubscriptionId' does not exist on type '{ status: string; id: string; tier: subscription_tier; created_at: Date; updated_at: Date; user_id: string; billing_cycle: string; base_price_usd: Decimal; ... 6 more ...; cancelled_at: Date | null; }'. Did you mean 'stripe_subscription_id'?
src/services/billing-payments.service.ts(241,41): error TS2551: Property 'billing_invoices' does not exist on type 'PrismaClient<PrismaClientOptions, never, DefaultArgs>'. Did you mean 'billing_invoice'?
src/services/billing-payments.service.ts(243,32): error TS2551: Property 'userId' does not exist on type '{ status: string; id: string; tier: subscription_tier; created_at: Date; updated_at: Date; user_id: string; billing_cycle: string; base_price_usd: Decimal; ... 6 more ...; cancelled_at: Date | null; }'. Did you mean 'user_id'?
src/services/billing-payments.service.ts(275,41): error TS2551: Property 'billing_invoices' does not exist on type 'PrismaClient<PrismaClientOptions, never, DefaultArgs>'. Did you mean 'billing_invoice'?
src/services/billing-payments.service.ts(287,25): error TS2551: Property 'billing_invoices' does not exist on type 'PrismaClient<PrismaClientOptions, never, DefaultArgs>'. Did you mean 'billing_invoice'?
src/services/billing-payments.service.ts(297,45): error TS2551: Property 'payment_transactions' does not exist on type 'PrismaClient<PrismaClientOptions, never, DefaultArgs>'. Did you mean 'payment_transaction'?
src/services/billing-payments.service.ts(329,41): error TS2551: Property 'billing_invoices' does not exist on type 'PrismaClient<PrismaClientOptions, never, DefaultArgs>'. Did you mean 'billing_invoice'?
src/services/billing-payments.service.ts(341,48): error TS2551: Property 'billing_invoices' does not exist on type 'PrismaClient<PrismaClientOptions, never, DefaultArgs>'. Did you mean 'billing_invoice'?
src/services/billing-payments.service.ts(404,25): error TS2551: Property 'billing_invoices' does not exist on type 'PrismaClient<PrismaClientOptions, never, DefaultArgs>'. Did you mean 'billing_invoice'?
src/services/billing-payments.service.ts(444,43): error TS2551: Property 'billing_invoices' does not exist on type 'PrismaClient<PrismaClientOptions, never, DefaultArgs>'. Did you mean 'billing_invoice'?
src/services/billing-payments.service.ts(453,25): error TS2551: Property 'billing_invoices' does not exist on type 'PrismaClient<PrismaClientOptions, never, DefaultArgs>'. Did you mean 'billing_invoice'?
src/services/billing-payments.service.ts(479,18): error TS2561: Object literal may only specify known properties, but 'stripeSubscriptionId' does not exist in type 'subscription_monetizationWhereInput'. Did you mean to write 'stripe_subscription_id'?
src/services/billing-payments.service.ts(482,11): error TS2561: Object literal may only specify known properties, but 'currentPeriodStart' does not exist in type '(Without<subscription_monetizationUpdateManyMutationInput, subscription_monetizationUncheckedUpdateManyInput> & subscription_monetizationUncheckedUpdateManyInput) | (Without<...> & subscription_monetizationUpdateManyMutationInput)'. Did you mean to write 'current_period_start'?
src/services/billing-payments.service.ts(506,18): error TS2561: Object literal may only specify known properties, but 'stripeSubscriptionId' does not exist in type 'subscription_monetizationWhereInput'. Did you mean to write 'stripe_subscription_id'?
src/services/billing-payments.service.ts(509,11): error TS2561: Object literal may only specify known properties, but 'cancelledAt' does not exist in type '(Without<subscription_monetizationUpdateManyMutationInput, subscription_monetizationUncheckedUpdateManyInput> & subscription_monetizationUncheckedUpdateManyInput) | (Without<...> & subscription_monetizationUpdateManyMutationInput)'. Did you mean to write 'cancelled_at'?
src/services/billing-payments.service.ts(552,41): error TS2551: Property 'billing_invoices' does not exist on type 'PrismaClient<PrismaClientOptions, never, DefaultArgs>'. Did you mean 'billing_invoice'?
src/services/billing-payments.service.ts(574,43): error TS2551: Property 'dunning_attempts' does not exist on type 'PrismaClient<PrismaClientOptions, never, DefaultArgs>'. Did you mean 'dunning_attempt'?
src/services/billing-payments.service.ts(610,41): error TS2551: Property 'dunning_attempts' does not exist on type 'PrismaClient<PrismaClientOptions, never, DefaultArgs>'. Did you mean 'dunning_attempt'?
src/services/billing-payments.service.ts(623,25): error TS2551: Property 'dunning_attempts' does not exist on type 'PrismaClient<PrismaClientOptions, never, DefaultArgs>'. Did you mean 'dunning_attempt'?
src/services/billing-payments.service.ts(638,25): error TS2551: Property 'dunning_attempts' does not exist on type 'PrismaClient<PrismaClientOptions, never, DefaultArgs>'. Did you mean 'dunning_attempt'?
src/services/billing-payments.service.ts(737,21): error TS2551: Property 'billing_invoices' does not exist on type 'PrismaClient<PrismaClientOptions, never, DefaultArgs>'. Did you mean 'billing_invoice'?
src/services/billing-payments.service.ts(742,21): error TS2551: Property 'billing_invoices' does not exist on type 'PrismaClient<PrismaClientOptions, never, DefaultArgs>'. Did you mean 'billing_invoice'?
src/services/billing-payments.service.ts(745,44): error TS7006: Parameter 'inv' implicitly has an 'any' type.
src/services/billing-payments.service.ts(779,21): error TS2551: Property 'payment_transactions' does not exist on type 'PrismaClient<PrismaClientOptions, never, DefaultArgs>'. Did you mean 'payment_transaction'?
src/services/billing-payments.service.ts(784,21): error TS2551: Property 'payment_transactions' does not exist on type 'PrismaClient<PrismaClientOptions, never, DefaultArgs>'. Did you mean 'payment_transaction'?
src/services/billing-payments.service.ts(787,52): error TS7006: Parameter 'txn' implicitly has an 'any' type.
src/services/billing-payments.service.ts(810,42): error TS2551: Property 'dunning_attempts' does not exist on type 'PrismaClient<PrismaClientOptions, never, DefaultArgs>'. Did you mean 'dunning_attempt'?
src/services/billing-payments.service.ts(815,28): error TS7006: Parameter 'attempt' implicitly has an 'any' type.
src/services/billing-payments.service.ts(850,38): error TS2551: Property 'user' does not exist on type 'PrismaClient<PrismaClientOptions, never, DefaultArgs>'. Did you mean 'users'?
src/services/campaign-management.service.ts(10,24): error TS2724: '"@prisma/client"' has no exported member named 'CouponCampaign'. Did you mean 'coupon_campaign'?
src/services/campaign-management.service.ts(10,40): error TS2724: '"@prisma/client"' has no exported member named 'Coupon'. Did you mean 'coupon'?
src/services/campaign-management.service.ts(10,56): error TS2724: '"@prisma/client"' has no exported member named 'CampaignType'. Did you mean 'campaign_type'?
src/services/campaign-management.service.ts(32,7): error TS2322: Type '{ campaign_name: string; campaign_type: CampaignType; start_date: Date; end_date: Date; budget_limit_usd: Prisma.Decimal; target_tier: any; is_active: boolean; created_by: string; }' is not assignable to type '(Without<coupon_campaignCreateInput, coupon_campaignUncheckedCreateInput> & coupon_campaignUncheckedCreateInput) | (Without<...> & coupon_campaignCreateInput)'.
  Type '{ campaign_name: string; campaign_type: CampaignType; start_date: Date; end_date: Date; budget_limit_usd: Prisma.Decimal; target_tier: any; is_active: boolean; created_by: string; }' is not assignable to type 'Without<coupon_campaignUncheckedCreateInput, coupon_campaignCreateInput> & coupon_campaignCreateInput'.
    Type '{ campaign_name: string; campaign_type: CampaignType; start_date: Date; end_date: Date; budget_limit_usd: Decimal; target_tier: any; is_active: boolean; created_by: string; }' is missing the following properties from type 'coupon_campaignCreateInput': id, updated_at
src/services/campaign-management.service.ts(71,7): error TS2322: Type '{ campaign_id: string; coupon_id: string; }' is not assignable to type '(Without<campaign_couponCreateInput, campaign_couponUncheckedCreateInput> & campaign_couponUncheckedCreateInput) | (Without<...> & campaign_couponCreateInput)'.
  Type '{ campaign_id: string; coupon_id: string; }' is not assignable to type 'Without<campaign_couponCreateInput, campaign_couponUncheckedCreateInput> & campaign_couponUncheckedCreateInput'.
    Property 'id' is missing in type '{ campaign_id: string; coupon_id: string; }' but required in type 'campaign_couponUncheckedCreateInput'.
src/services/checkout-integration.service.ts(11,24): error TS2724: '"@prisma/client"' has no exported member named 'Coupon'. Did you mean 'coupon'?
src/services/checkout-integration.service.ts(11,32): error TS2724: '"@prisma/client"' has no exported member named 'PerpetualLicense'. Did you mean 'perpetual_license'?
src/services/checkout-integration.service.ts(11,50): error TS2724: '"@prisma/client"' has no exported member named 'CouponRedemption'. Did you mean 'coupon_redemption'?
src/services/checkout-integration.service.ts(71,62): error TS2362: The left-hand side of an arithmetic operation must be of type 'any', 'number', 'bigint' or an enum type.
src/services/checkout-integration.service.ts(74,69): error TS2363: The right-hand side of an arithmetic operation must be of type 'any', 'number', 'bigint' or an enum type.
src/services/checkout-integration.service.ts(79,11): error TS2345: Argument of type '{}' is not assignable to parameter of type 'number'.
src/services/checkout-integration.service.ts(84,71): error TS2345: Argument of type '{}' is not assignable to parameter of type 'number'.
src/services/checkout-integration.service.ts(87,66): error TS2345: Argument of type 'unknown' is not assignable to parameter of type 'string'.
src/services/checkout-integration.service.ts(93,47): error TS2345: Argument of type 'unknown' is not assignable to parameter of type 'string'.
src/services/checkout-integration.service.ts(117,5): error TS2322: Type 'unknown' is not assignable to type 'number'.
src/services/checkout-integration.service.ts(147,46): error TS2551: Property 'currentPeriodEnd' does not exist on type '{ status: string; id: string; tier: subscription_tier; created_at: Date; updated_at: Date; user_id: string; billing_cycle: string; base_price_usd: Decimal; ... 6 more ...; cancelled_at: Date | null; }'. Did you mean 'current_period_end'?
src/services/checkout-integration.service.ts(152,15): error TS2561: Object literal may only specify known properties, but 'currentPeriodEnd' does not exist in type '(Without<subscription_monetizationUpdateInput, subscription_monetizationUncheckedUpdateInput> & subscription_monetizationUncheckedUpdateInput) | (Without<...> & subscription_monetizationUpdateInput)'. Did you mean to write 'current_period_end'?
src/services/checkout-integration.service.ts(171,53): error TS2551: Property 'basePriceUsd' does not exist on type '{ status: string; id: string; tier: subscription_tier; created_at: Date; updated_at: Date; user_id: string; billing_cycle: string; base_price_usd: Decimal; ... 6 more ...; cancelled_at: Date | null; }'. Did you mean 'base_price_usd'?
src/services/checkout-integration.service.ts(176,9): error TS2561: Object literal may only specify known properties, but 'basePriceUsd' does not exist in type '(Without<subscription_monetizationUpdateInput, subscription_monetizationUncheckedUpdateInput> & subscription_monetizationUncheckedUpdateInput) | (Without<...> & subscription_monetizationUpdateInput)'. Did you mean to write 'base_price_usd'?
src/services/checkout-integration.service.ts(185,23): error TS2551: Property 'billingInvoice' does not exist on type 'PrismaClient<PrismaClientOptions, never, DefaultArgs>'. Did you mean 'billing_invoice'?
src/services/checkout-integration.service.ts(196,23): error TS2551: Property 'credit_allocations' does not exist on type 'PrismaClient<PrismaClientOptions, never, DefaultArgs>'. Did you mean 'credit_allocation'?
src/services/checkout-integration.service.ts(255,9): error TS2561: Object literal may only specify known properties, but 'coupon_redemptions' does not exist in type 'subscription_monetizationInclude<DefaultArgs>'. Did you mean to write 'coupon_redemption'?
src/services/checkout-integration.service.ts(268,40): error TS2339: Property 'couponRedemptions' does not exist on type '{ status: string; id: string; tier: subscription_tier; created_at: Date; updated_at: Date; user_id: string; billing_cycle: string; base_price_usd: Decimal; ... 6 more ...; cancelled_at: Date | null; }'.
src/services/checkout-integration.service.ts(272,37): error TS2339: Property 'couponRedemptions' does not exist on type '{ status: string; id: string; tier: subscription_tier; created_at: Date; updated_at: Date; user_id: string; billing_cycle: string; base_price_usd: Decimal; ... 6 more ...; cancelled_at: Date | null; }'.
src/services/checkout-integration.service.ts(276,50): error TS2551: Property 'basePriceUsd' does not exist on type '{ status: string; id: string; tier: subscription_tier; created_at: Date; updated_at: Date; user_id: string; billing_cycle: string; base_price_usd: Decimal; ... 6 more ...; cancelled_at: Date | null; }'. Did you mean 'base_price_usd'?
src/services/checkout-integration.service.ts(313,42): error TS2551: Property 'subscription_tier_configs' does not exist on type 'PrismaClient<PrismaClientOptions, never, DefaultArgs>'. Did you mean 'subscription_tier_config'?
src/services/checkout-integration.service.ts(370,20): error TS2551: Property 'billingCycle' does not exist on type '{ status: string; id: string; tier: subscription_tier; created_at: Date; updated_at: Date; user_id: string; billing_cycle: string; base_price_usd: Decimal; ... 6 more ...; cancelled_at: Date | null; }'. Did you mean 'billing_cycle'?
src/services/checkout-integration.service.ts(375,34): error TS2551: Property 'billingCycle' does not exist on type '{ status: string; id: string; tier: subscription_tier; created_at: Date; updated_at: Date; user_id: string; billing_cycle: string; base_price_usd: Decimal; ... 6 more ...; cancelled_at: Date | null; }'. Did you mean 'billing_cycle'?
src/services/checkout-integration.service.ts(398,9): error TS2322: Type '{}' is not assignable to type 'number'.
src/services/checkout-integration.service.ts(411,66): error TS2345: Argument of type 'unknown' is not assignable to parameter of type 'string'.
src/services/coupon-analytics.service.ts(82,58): error TS2551: Property 'coupon_redemptions' does not exist on type 'PrismaClient<PrismaClientOptions, never, DefaultArgs>'. Did you mean 'coupon_redemption'?
src/services/coupon-analytics.service.ts(100,55): error TS2551: Property 'coupon_redemptions' does not exist on type 'PrismaClient<PrismaClientOptions, never, DefaultArgs>'. Did you mean 'coupon_redemption'?
src/services/coupon-analytics.service.ts(116,52): error TS2551: Property 'coupon_redemptions' does not exist on type 'PrismaClient<PrismaClientOptions, never, DefaultArgs>'. Did you mean 'coupon_redemption'?
src/services/coupon-analytics.service.ts(124,47): error TS2551: Property 'coupon_redemptions' does not exist on type 'PrismaClient<PrismaClientOptions, never, DefaultArgs>'. Did you mean 'coupon_redemption'?
src/services/coupon-redemption.service.ts(19,24): error TS2724: '"@prisma/client"' has no exported member named 'Coupon'. Did you mean 'coupon'?
src/services/coupon-redemption.service.ts(19,32): error TS2724: '"@prisma/client"' has no exported member named 'CouponRedemption'. Did you mean 'coupon_redemption'?
src/services/coupon-redemption.service.ts(68,11): error TS2322: Type '{ coupon_id: string; user_id: string; subscription_id: string | null; redemption_date: Date; discount_applied_usd: Prisma.Decimal; original_amount_usd: Prisma.Decimal; ... 9 more ...; billing_cycle_after: string | null; }' is not assignable to type '(Without<coupon_redemptionCreateInput, coupon_redemptionUncheckedCreateInput> & coupon_redemptionUncheckedCreateInput) | (Without<...> & coupon_redemptionCreateInput)'.
  Type '{ coupon_id: string; user_id: string; subscription_id: string | null; redemption_date: Date; discount_applied_usd: Prisma.Decimal; original_amount_usd: Prisma.Decimal; ... 9 more ...; billing_cycle_after: string | null; }' is not assignable to type 'Without<coupon_redemptionCreateInput, coupon_redemptionUncheckedCreateInput> & coupon_redemptionUncheckedCreateInput'.
    Property 'id' is missing in type '{ coupon_id: string; user_id: string; subscription_id: string | null; redemption_date: Date; discount_applied_usd: Prisma.Decimal; original_amount_usd: Prisma.Decimal; ... 9 more ...; billing_cycle_after: string | null; }' but required in type 'coupon_redemptionUncheckedCreateInput'.
src/services/coupon-redemption.service.ts(73,54): error TS2345: Argument of type 'unknown' is not assignable to parameter of type 'Value'.
src/services/coupon-redemption.service.ts(75,50): error TS2345: Argument of type 'unknown' is not assignable to parameter of type 'Value'.
src/services/coupon-redemption.service.ts(90,61): error TS2345: Argument of type 'unknown' is not assignable to parameter of type 'number'.
src/services/coupon-redemption.service.ts(96,13): error TS2345: Argument of type 'unknown' is not assignable to parameter of type 'number'.
src/services/coupon-redemption.service.ts(114,48): error TS2345: Argument of type '{}' is not assignable to parameter of type 'number'.
src/services/coupon-redemption.service.ts(117,48): error TS2345: Argument of type '{}' is not assignable to parameter of type 'number'.
src/services/coupon-redemption.service.ts(145,7): error TS2322: Type '{ coupon_id: any; user_id: string; subscription_id: null; redemption_date: Date; discount_applied_usd: Prisma.Decimal; original_amount_usd: Prisma.Decimal; final_amount_usd: Prisma.Decimal; redemption_status: "success"; ip_address: string | null; user_agent: string | null; }' is not assignable to type '(Without<coupon_redemptionCreateInput, coupon_redemptionUncheckedCreateInput> & coupon_redemptionUncheckedCreateInput) | (Without<...> & coupon_redemptionCreateInput)'.
  Type '{ coupon_id: any; user_id: string; subscription_id: null; redemption_date: Date; discount_applied_usd: Prisma.Decimal; original_amount_usd: Prisma.Decimal; final_amount_usd: Prisma.Decimal; redemption_status: "success"; ip_address: string | null; user_agent: string | null; }' is not assignable to type 'Without<coupon_redemptionCreateInput, coupon_redemptionUncheckedCreateInput> & coupon_redemptionUncheckedCreateInput'.
    Property 'id' is missing in type '{ coupon_id: any; user_id: string; subscription_id: null; redemption_date: Date; discount_applied_usd: Prisma.Decimal; original_amount_usd: Prisma.Decimal; final_amount_usd: Prisma.Decimal; redemption_status: "success"; ip_address: string | null; user_agent: string | null; }' but required in type 'coupon_redemptionUncheckedCreateInput'.
src/services/coupon-redemption.service.ts(150,50): error TS2345: Argument of type 'unknown' is not assignable to parameter of type 'Value'.
src/services/coupon-redemption.service.ts(151,49): error TS2345: Argument of type 'unknown' is not assignable to parameter of type 'Value'.
src/services/coupon-redemption.service.ts(152,46): error TS2345: Argument of type 'unknown' is not assignable to parameter of type 'Value'.
src/services/coupon-redemption.service.ts(341,41): error TS2345: Argument of type 'unknown' is not assignable to parameter of type 'Value'.
src/services/coupon-validation.service.ts(22,24): error TS2724: '"@prisma/client"' has no exported member named 'Coupon'. Did you mean 'coupon'?
src/services/coupon-validation.service.ts(22,32): error TS2724: '"@prisma/client"' has no exported member named 'SubscriptionTier'. Did you mean 'subscription_tier'?
src/services/coupon-validation.service.ts(22,50): error TS2724: '"@prisma/client"' has no exported member named 'ValidationRuleType'. Did you mean 'validation_rule_type'?
src/services/coupon-validation.service.ts(100,61): error TS2345: Argument of type 'unknown' is not assignable to parameter of type 'number'.
src/services/coupon-validation.service.ts(128,11): error TS2345: Argument of type '{}' is not assignable to parameter of type 'string'.
src/services/coupon-validation.service.ts(138,62): error TS2345: Argument of type 'unknown' is not assignable to parameter of type 'number'.
src/services/coupon-validation.service.ts(163,9): error TS2353: Object literal may only specify known properties, and 'campaign' does not exist in type 'couponInclude<DefaultArgs>'.
src/services/coupon-validation.service.ts(406,9): error TS2322: Type '{ coupon_id: string; user_id: string; detection_type: "velocity_abuse"; severity: "high"; details: { attempts: number; timeWindow: string; }; is_flagged: true; }' is not assignable to type '(Without<coupon_fraud_detectionCreateInput, coupon_fraud_detectionUncheckedCreateInput> & coupon_fraud_detectionUncheckedCreateInput) | (Without<...> & coupon_fraud_detectionCreateInput)'.
  Type '{ coupon_id: string; user_id: string; detection_type: "velocity_abuse"; severity: "high"; details: { attempts: number; timeWindow: string; }; is_flagged: true; }' is not assignable to type 'Without<coupon_fraud_detectionCreateInput, coupon_fraud_detectionUncheckedCreateInput> & coupon_fraud_detectionUncheckedCreateInput'.
    Property 'id' is missing in type '{ coupon_id: string; user_id: string; detection_type: "velocity_abuse"; severity: "high"; details: { attempts: number; timeWindow: string; }; is_flagged: true; }' but required in type 'coupon_fraud_detectionUncheckedCreateInput'.
src/services/coupon-validation.service.ts(457,9): error TS2322: Type '{ coupon_id: string; user_id: string; detection_type: "ip_switching"; severity: "medium"; details: { uniqueIPs: number; currentIP: string; previousIPs: (string | null)[]; }; is_flagged: false; }' is not assignable to type '(Without<coupon_fraud_detectionCreateInput, coupon_fraud_detectionUncheckedCreateInput> & coupon_fraud_detectionUncheckedCreateInput) | (Without<...> & coupon_fraud_detectionCreateInput)'.
  Type '{ coupon_id: string; user_id: string; detection_type: "ip_switching"; severity: "medium"; details: { uniqueIPs: number; currentIP: string; previousIPs: (string | null)[]; }; is_flagged: false; }' is not assignable to type 'Without<coupon_fraud_detectionCreateInput, coupon_fraud_detectionUncheckedCreateInput> & coupon_fraud_detectionUncheckedCreateInput'.
    Property 'id' is missing in type '{ coupon_id: string; user_id: string; detection_type: "ip_switching"; severity: "medium"; details: { uniqueIPs: number; currentIP: string; previousIPs: (string | null)[]; }; is_flagged: false; }' but required in type 'coupon_fraud_detectionUncheckedCreateInput'.
src/services/coupon-validation.service.ts(533,5): error TS2322: Type 'unknown' is not assignable to type 'number'.
src/services/coupon-validation.service.ts(574,40): error TS2551: Property 'user' does not exist on type 'PrismaClient<PrismaClientOptions, never, DefaultArgs>'. Did you mean 'users'?
src/services/coupon-validation.service.ts(619,9): error TS2322: Type '{ coupon_id: string; total_uses: number; unique_users: number; total_discount_applied_usd: number; }' is not assignable to type '(Without<coupon_usage_limitCreateInput, coupon_usage_limitUncheckedCreateInput> & coupon_usage_limitUncheckedCreateInput) | (Without<...> & coupon_usage_limitCreateInput)'.
  Type '{ coupon_id: string; total_uses: number; unique_users: number; total_discount_applied_usd: number; }' is not assignable to type 'Without<coupon_usage_limitCreateInput, coupon_usage_limitUncheckedCreateInput> & coupon_usage_limitUncheckedCreateInput'.
    Type '{ coupon_id: string; total_uses: number; unique_users: number; total_discount_applied_usd: number; }' is missing the following properties from type 'coupon_usage_limitUncheckedCreateInput': id, updated_at
src/services/credit-deduction.service.ts(70,38): error TS2551: Property 'user' does not exist on type 'PrismaClient<PrismaClientOptions, never, DefaultArgs>'. Did you mean 'users'?
src/services/credit-management.service.ts(116,37): error TS2551: Property 'credit_allocations' does not exist on type 'Omit<PrismaClient<PrismaClientOptions, never, DefaultArgs>, "$connect" | "$disconnect" | "$on" | "$transaction" | "$extends">'. Did you mean 'credit_allocation'?
src/services/credit-management.service.ts(128,18): error TS2551: Property 'user_credit_balances' does not exist on type 'Omit<PrismaClient<PrismaClientOptions, never, DefaultArgs>, "$connect" | "$disconnect" | "$on" | "$transaction" | "$extends">'. Did you mean 'user_credit_balance'?
src/services/credit-management.service.ts(224,37): error TS2551: Property 'credit_allocations' does not exist on type 'Omit<PrismaClient<PrismaClientOptions, never, DefaultArgs>, "$connect" | "$disconnect" | "$on" | "$transaction" | "$extends">'. Did you mean 'credit_allocation'?
src/services/credit-management.service.ts(235,18): error TS2551: Property 'user_credit_balances' does not exist on type 'Omit<PrismaClient<PrismaClientOptions, never, DefaultArgs>, "$connect" | "$disconnect" | "$on" | "$transaction" | "$extends">'. Did you mean 'user_credit_balance'?
src/services/credit-management.service.ts(316,44): error TS2551: Property 'subscription_tier_configs' does not exist on type 'PrismaClient<PrismaClientOptions, never, DefaultArgs>'. Did you mean 'subscription_tier_config'?
src/services/credit-management.service.ts(370,25): error TS2551: Property 'credit_allocations' does not exist on type 'PrismaClient<PrismaClientOptions, never, DefaultArgs>'. Did you mean 'credit_allocation'?
src/services/credit-management.service.ts(400,45): error TS2551: Property 'credit_allocations' does not exist on type 'PrismaClient<PrismaClientOptions, never, DefaultArgs>'. Did you mean 'credit_allocation'?
src/services/credit-management.service.ts(412,29): error TS7006: Parameter 'sum' implicitly has an 'any' type.
src/services/credit-management.service.ts(412,34): error TS7006: Parameter 'a' implicitly has an 'any' type.
src/services/credit-management.service.ts(416,25): error TS2551: Property 'user_credit_balances' does not exist on type 'PrismaClient<PrismaClientOptions, never, DefaultArgs>'. Did you mean 'user_credit_balance'?
src/services/credit-management.service.ts(450,45): error TS2551: Property 'credit_allocations' does not exist on type 'PrismaClient<PrismaClientOptions, never, DefaultArgs>'. Did you mean 'credit_allocation'?
src/services/credit-management.service.ts(454,50): error TS7006: Parameter 'sum' implicitly has an 'any' type.
src/services/credit-management.service.ts(454,55): error TS7006: Parameter 'alloc' implicitly has an 'any' type.
src/services/credit-management.service.ts(523,45): error TS2551: Property 'credit_allocations' does not exist on type 'PrismaClient<PrismaClientOptions, never, DefaultArgs>'. Did you mean 'credit_allocation'?
src/services/credit-management.service.ts(560,46): error TS2339: Property 'usage_history' does not exist on type 'PrismaClient<PrismaClientOptions, never, DefaultArgs>'.
src/services/credit-management.service.ts(567,46): error TS7006: Parameter 'sum' implicitly has an 'any' type.
src/services/credit-management.service.ts(567,51): error TS7006: Parameter 'usage' implicitly has an 'any' type.
src/services/credit-management.service.ts(570,29): error TS7006: Parameter 'usage' implicitly has an 'any' type.
src/services/credit.service.ts(23,24): error TS2724: '"@prisma/client"' has no exported member named 'Credit'. Did you mean 'credits'?
src/services/credit.service.ts(23,32): error TS2724: '"@prisma/client"' has no exported member named 'UsageOperation'. Did you mean 'usage_operation'?
src/services/credit.service.ts(122,9): error TS2322: Type '{ user_id: string; subscription_id: string | undefined; total_credits: number; used_credits: number; billing_period_start: Date; billing_period_end: Date; is_current: true; }' is not assignable to type '(Without<creditsCreateInput, creditsUncheckedCreateInput> & creditsUncheckedCreateInput) | (Without<...> & creditsCreateInput)'.
  Type '{ user_id: string; subscription_id: string | undefined; total_credits: number; used_credits: number; billing_period_start: Date; billing_period_end: Date; is_current: true; }' is not assignable to type 'Without<creditsCreateInput, creditsUncheckedCreateInput> & creditsUncheckedCreateInput'.
    Type '{ user_id: string; subscription_id: string | undefined; total_credits: number; used_credits: number; billing_period_start: Date; billing_period_end: Date; is_current: true; }' is missing the following properties from type 'creditsUncheckedCreateInput': id, updated_at
src/services/credit.service.ts(255,16): error TS2339: Property 'usage_history' does not exist on type 'Omit<PrismaClient<PrismaClientOptions, never, DefaultArgs>, "$connect" | "$disconnect" | "$on" | "$transaction" | "$extends">'.
src/services/device-activation-management.service.ts(11,24): error TS2724: '"@prisma/client"' has no exported member named 'ActivationStatus'. Did you mean 'activation_status'?
src/services/device-activation-management.service.ts(131,19): error TS2551: Property 'license_activations' does not exist on type 'PrismaClient<PrismaClientOptions, never, DefaultArgs>'. Did you mean 'license_activation'?
src/services/device-activation-management.service.ts(132,19): error TS2551: Property 'license_activations' does not exist on type 'PrismaClient<PrismaClientOptions, never, DefaultArgs>'. Did you mean 'license_activation'?
src/services/device-activation-management.service.ts(162,62): error TS7006: Parameter 'activation' implicitly has an 'any' type.
src/services/device-activation-management.service.ts(208,19): error TS2551: Property 'license_activations' does not exist on type 'PrismaClient<PrismaClientOptions, never, DefaultArgs>'. Did you mean 'license_activation'?
src/services/device-activation-management.service.ts(211,19): error TS2551: Property 'license_activations' does not exist on type 'PrismaClient<PrismaClientOptions, never, DefaultArgs>'. Did you mean 'license_activation'?
src/services/device-activation-management.service.ts(214,19): error TS2551: Property 'license_activations' does not exist on type 'PrismaClient<PrismaClientOptions, never, DefaultArgs>'. Did you mean 'license_activation'?
src/services/device-activation-management.service.ts(221,19): error TS2551: Property 'perpetual_licenses' does not exist on type 'PrismaClient<PrismaClientOptions, never, DefaultArgs>'. Did you mean 'perpetual_license'?
src/services/device-activation-management.service.ts(231,8): error TS7006: Parameter 'license' implicitly has an 'any' type.
src/services/device-activation-management.service.ts(246,42): error TS2551: Property 'license_activations' does not exist on type 'PrismaClient<PrismaClientOptions, never, DefaultArgs>'. Did you mean 'license_activation'?
src/services/device-activation-management.service.ts(256,23): error TS2551: Property 'license_activations' does not exist on type 'PrismaClient<PrismaClientOptions, never, DefaultArgs>'. Did you mean 'license_activation'?
src/services/device-activation-management.service.ts(265,23): error TS2551: Property 'perpetual_licenses' does not exist on type 'PrismaClient<PrismaClientOptions, never, DefaultArgs>'. Did you mean 'perpetual_license'?
src/services/device-activation-management.service.ts(284,42): error TS2551: Property 'license_activations' does not exist on type 'PrismaClient<PrismaClientOptions, never, DefaultArgs>'. Did you mean 'license_activation'?
src/services/device-activation-management.service.ts(294,23): error TS2551: Property 'license_activations' does not exist on type 'PrismaClient<PrismaClientOptions, never, DefaultArgs>'. Did you mean 'license_activation'?
src/services/device-activation-management.service.ts(309,25): error TS2551: Property 'perpetual_licenses' does not exist on type 'PrismaClient<PrismaClientOptions, never, DefaultArgs>'. Did you mean 'perpetual_license'?
src/services/device-activation-management.service.ts(368,23): error TS2551: Property 'license_activations' does not exist on type 'PrismaClient<PrismaClientOptions, never, DefaultArgs>'. Did you mean 'license_activation'?
src/services/fraud-detection.service.ts(11,24): error TS2724: '"@prisma/client"' has no exported member named 'CouponFraudDetection'. Did you mean 'coupon_fraud_detection'?
src/services/fraud-detection.service.ts(11,46): error TS2724: '"@prisma/client"' has no exported member named 'FraudDetectionType'. Did you mean 'fraud_detection_type'?
src/services/fraud-detection.service.ts(11,66): error TS2724: '"@prisma/client"' has no exported member named 'FraudSeverity'. Did you mean 'fraud_severity'?
src/services/fraud-detection.service.ts(143,7): error TS2322: Type '{ coupon_id: string; user_id: string; detection_type: FraudDetectionType; severity: FraudSeverity; details: any; is_flagged: boolean; detected_at: Date; }' is not assignable to type '(Without<coupon_fraud_detectionCreateInput, coupon_fraud_detectionUncheckedCreateInput> & coupon_fraud_detectionUncheckedCreateInput) | (Without<...> & coupon_fraud_detectionCreateInput)'.
  Type '{ coupon_id: string; user_id: string; detection_type: FraudDetectionType; severity: FraudSeverity; details: any; is_flagged: boolean; detected_at: Date; }' is not assignable to type 'Without<coupon_fraud_detectionCreateInput, coupon_fraud_detectionUncheckedCreateInput> & coupon_fraud_detectionUncheckedCreateInput'.
    Property 'id' is missing in type '{ coupon_id: string; user_id: string; detection_type: FraudDetectionType; severity: FraudSeverity; details: any; is_flagged: boolean; detected_at: Date; }' but required in type 'coupon_fraud_detectionUncheckedCreateInput'.
src/services/ip-whitelist.service.ts(60,9): error TS2322: Type '{ user_id: string; ip_address: string; description: string | null; is_active: true; }' is not assignable to type '(Without<ip_whitelistsCreateInput, ip_whitelistsUncheckedCreateInput> & ip_whitelistsUncheckedCreateInput) | (Without<...> & ip_whitelistsCreateInput)'.
  Type '{ user_id: string; ip_address: string; description: string | null; is_active: true; }' is not assignable to type 'Without<ip_whitelistsCreateInput, ip_whitelistsUncheckedCreateInput> & ip_whitelistsUncheckedCreateInput'.
    Property 'updated_at' is missing in type '{ user_id: string; ip_address: string; description: string | null; is_active: true; }' but required in type 'ip_whitelistsUncheckedCreateInput'.
src/services/ip-whitelist.service.ts(67,11): error TS2561: Object literal may only specify known properties, but 'user' does not exist in type 'ip_whitelistsInclude<DefaultArgs>'. Did you mean to write 'users'?
src/services/ip-whitelist.service.ts(108,11): error TS2561: Object literal may only specify known properties, but 'user' does not exist in type 'ip_whitelistsInclude<DefaultArgs>'. Did you mean to write 'users'?
src/services/ip-whitelist.service.ts(157,11): error TS2561: Object literal may only specify known properties, but 'user' does not exist in type 'ip_whitelistsInclude<DefaultArgs>'. Did you mean to write 'users'?
src/services/ip-whitelist.service.ts(189,11): error TS2561: Object literal may only specify known properties, but 'user' does not exist in type 'ip_whitelistsInclude<DefaultArgs>'. Did you mean to write 'users'?
src/services/ip-whitelist.service.ts(305,11): error TS2561: Object literal may only specify known properties, but 'user' does not exist in type 'ip_whitelistsInclude<DefaultArgs>'. Did you mean to write 'users'?
src/services/ip-whitelist.service.ts(388,11): error TS2561: Object literal may only specify known properties, but 'user' does not exist in type 'ip_whitelistsInclude<DefaultArgs>'. Did you mean to write 'users'?
src/services/license-management.service.ts(14,3): error TS2724: '"@prisma/client"' has no exported member named 'PerpetualLicense'. Did you mean 'perpetual_license'?
src/services/license-management.service.ts(15,3): error TS2724: '"@prisma/client"' has no exported member named 'LicenseActivation'. Did you mean 'license_activation'?
src/services/license-management.service.ts(16,3): error TS2724: '"@prisma/client"' has no exported member named 'VersionUpgrade'. Did you mean 'version_upgrade'?
src/services/license-management.service.ts(83,39): error TS2551: Property 'perpetual_licenses' does not exist on type 'PrismaClient<PrismaClientOptions, never, DefaultArgs>'. Did you mean 'perpetual_license'?
src/services/license-management.service.ts(135,42): error TS2551: Property 'perpetual_licenses' does not exist on type 'PrismaClient<PrismaClientOptions, never, DefaultArgs>'. Did you mean 'perpetual_license'?
src/services/license-management.service.ts(167,39): error TS2551: Property 'perpetual_licenses' does not exist on type 'PrismaClient<PrismaClientOptions, never, DefaultArgs>'. Did you mean 'perpetual_license'?
src/services/license-management.service.ts(190,8): error TS7006: Parameter 'a' implicitly has an 'any' type.
src/services/license-management.service.ts(195,41): error TS2551: Property 'license_activations' does not exist on type 'PrismaClient<PrismaClientOptions, never, DefaultArgs>'. Did you mean 'license_activation'?
src/services/license-management.service.ts(219,42): error TS2551: Property 'license_activations' does not exist on type 'PrismaClient<PrismaClientOptions, never, DefaultArgs>'. Did you mean 'license_activation'?
src/services/license-management.service.ts(233,23): error TS2551: Property 'perpetual_licenses' does not exist on type 'PrismaClient<PrismaClientOptions, never, DefaultArgs>'. Did you mean 'perpetual_license'?
src/services/license-management.service.ts(261,42): error TS2551: Property 'license_activations' does not exist on type 'PrismaClient<PrismaClientOptions, never, DefaultArgs>'. Did you mean 'license_activation'?
src/services/license-management.service.ts(275,23): error TS2551: Property 'license_activations' does not exist on type 'PrismaClient<PrismaClientOptions, never, DefaultArgs>'. Did you mean 'license_activation'?
src/services/license-management.service.ts(284,23): error TS2551: Property 'perpetual_licenses' does not exist on type 'PrismaClient<PrismaClientOptions, never, DefaultArgs>'. Did you mean 'perpetual_license'?
src/services/license-management.service.ts(312,45): error TS2551: Property 'license_activations' does not exist on type 'PrismaClient<PrismaClientOptions, never, DefaultArgs>'. Did you mean 'license_activation'?
src/services/license-management.service.ts(322,23): error TS2551: Property 'license_activations' does not exist on type 'PrismaClient<PrismaClientOptions, never, DefaultArgs>'. Did you mean 'license_activation'?
src/services/license-management.service.ts(331,23): error TS2551: Property 'perpetual_licenses' does not exist on type 'PrismaClient<PrismaClientOptions, never, DefaultArgs>'. Did you mean 'perpetual_license'?
src/services/license-management.service.ts(380,42): error TS2551: Property 'license_activations' does not exist on type 'PrismaClient<PrismaClientOptions, never, DefaultArgs>'. Did you mean 'license_activation'?
src/services/license-management.service.ts(409,39): error TS2551: Property 'perpetual_licenses' does not exist on type 'PrismaClient<PrismaClientOptions, never, DefaultArgs>'. Did you mean 'perpetual_license'?
src/services/license-management.service.ts(431,43): error TS2551: Property 'license_activations' does not exist on type 'PrismaClient<PrismaClientOptions, never, DefaultArgs>'. Did you mean 'license_activation'?
src/services/license-management.service.ts(451,39): error TS2551: Property 'perpetual_licenses' does not exist on type 'PrismaClient<PrismaClientOptions, never, DefaultArgs>'. Did you mean 'perpetual_license'?
src/services/license-management.service.ts(471,23): error TS2551: Property 'license_activations' does not exist on type 'PrismaClient<PrismaClientOptions, never, DefaultArgs>'. Did you mean 'license_activation'?
src/services/license-management.service.ts(482,39): error TS2551: Property 'perpetual_licenses' does not exist on type 'PrismaClient<PrismaClientOptions, never, DefaultArgs>'. Did you mean 'perpetual_license'?
src/services/license-management.service.ts(503,39): error TS2551: Property 'perpetual_licenses' does not exist on type 'PrismaClient<PrismaClientOptions, never, DefaultArgs>'. Did you mean 'perpetual_license'?
src/services/license-management.service.ts(522,39): error TS2551: Property 'perpetual_licenses' does not exist on type 'PrismaClient<PrismaClientOptions, never, DefaultArgs>'. Did you mean 'perpetual_license'?
src/services/license-management.service.ts(544,39): error TS2551: Property 'perpetual_licenses' does not exist on type 'PrismaClient<PrismaClientOptions, never, DefaultArgs>'. Did you mean 'perpetual_license'?
src/services/license-management.service.ts(576,24): error TS2551: Property 'perpetual_licenses' does not exist on type 'PrismaClient<PrismaClientOptions, never, DefaultArgs>'. Did you mean 'perpetual_license'?
src/services/license-management.service.ts(591,24): error TS2551: Property 'perpetual_licenses' does not exist on type 'PrismaClient<PrismaClientOptions, never, DefaultArgs>'. Did you mean 'perpetual_license'?
src/services/license-management.service.ts(607,24): error TS2551: Property 'license_activations' does not exist on type 'PrismaClient<PrismaClientOptions, never, DefaultArgs>'. Did you mean 'license_activation'?
src/services/license-management.service.ts(642,21): error TS2551: Property 'perpetual_licenses' does not exist on type 'PrismaClient<PrismaClientOptions, never, DefaultArgs>'. Did you mean 'perpetual_license'?
src/services/license-management.service.ts(658,21): error TS2551: Property 'perpetual_licenses' does not exist on type 'PrismaClient<PrismaClientOptions, never, DefaultArgs>'. Did you mean 'perpetual_license'?
src/services/license-management.service.ts(688,21): error TS2551: Property 'perpetual_licenses' does not exist on type 'PrismaClient<PrismaClientOptions, never, DefaultArgs>'. Did you mean 'perpetual_license'?
src/services/license-management.service.ts(689,21): error TS2551: Property 'perpetual_licenses' does not exist on type 'PrismaClient<PrismaClientOptions, never, DefaultArgs>'. Did you mean 'perpetual_license'?
src/services/license-management.service.ts(696,10): error TS7006: Parameter 'acc' implicitly has an 'any' type.
src/services/license-management.service.ts(696,15): error TS7006: Parameter 'item' implicitly has an 'any' type.
src/services/llm.service.ts(109,42): error TS2551: Property 'provider' does not exist on type 'PrismaClient<PrismaClientOptions, never, DefaultArgs>'. Did you mean 'providers'?
src/services/migration.service.ts(13,3): error TS2724: '"@prisma/client"' has no exported member named 'PerpetualLicense'. Did you mean 'perpetual_license'?
src/services/migration.service.ts(14,3): error TS2724: '"@prisma/client"' has no exported member named 'SubscriptionMonetization'. Did you mean 'subscription_monetization'?
src/services/migration.service.ts(81,39): error TS2551: Property 'perpetual_licenses' does not exist on type 'PrismaClient<PrismaClientOptions, never, DefaultArgs>'. Did you mean 'perpetual_license'?
src/services/migration.service.ts(99,23): error TS2551: Property 'perpetual_licenses' does not exist on type 'PrismaClient<PrismaClientOptions, never, DefaultArgs>'. Did you mean 'perpetual_license'?
src/services/migration.service.ts(127,39): error TS2551: Property 'perpetual_licenses' does not exist on type 'PrismaClient<PrismaClientOptions, never, DefaultArgs>'. Did you mean 'perpetual_license'?
src/services/migration.service.ts(173,23): error TS2551: Property 'credit_allocations' does not exist on type 'PrismaClient<PrismaClientOptions, never, DefaultArgs>'. Did you mean 'credit_allocation'?
src/services/migration.service.ts(332,39): error TS2551: Property 'perpetual_licenses' does not exist on type 'PrismaClient<PrismaClientOptions, never, DefaultArgs>'. Did you mean 'perpetual_license'?
src/services/migration.service.ts(358,41): error TS2551: Property 'perpetual_licenses' does not exist on type 'PrismaClient<PrismaClientOptions, never, DefaultArgs>'. Did you mean 'perpetual_license'?
src/services/migration.service.ts(395,41): error TS2551: Property 'perpetual_licenses' does not exist on type 'PrismaClient<PrismaClientOptions, never, DefaultArgs>'. Did you mean 'perpetual_license'?
src/services/migration.service.ts(427,40): error TS2551: Property 'perpetual_licenses' does not exist on type 'PrismaClient<PrismaClientOptions, never, DefaultArgs>'. Did you mean 'perpetual_license'?
src/services/model.service.ts(17,24): error TS2724: '"@prisma/client"' has no exported member named 'SubscriptionTier'. Did you mean 'subscription_tier'?
src/services/model.service.ts(254,9): error TS2561: Object literal may only specify known properties, but 'isAvailable' does not exist in type 'modelsSelect<DefaultArgs>'. Did you mean to write 'is_available'?
src/services/model.service.ts(303,28): error TS2551: Property 'isLegacy' does not exist on type '{ id: string; name: string; provider: string; meta: JsonValue; created_at: Date; updated_at: Date; is_available: boolean; is_legacy: boolean; is_archived: boolean; }'. Did you mean 'is_legacy'?
src/services/model.service.ts(305,25): error TS2551: Property 'createdAt' does not exist on type '{ id: string; name: string; provider: string; meta: JsonValue; created_at: Date; updated_at: Date; is_available: boolean; is_legacy: boolean; is_archived: boolean; }'. Did you mean 'created_at'?
src/services/model.service.ts(306,25): error TS2551: Property 'updatedAt' does not exist on type '{ id: string; name: string; provider: string; meta: JsonValue; created_at: Date; updated_at: Date; is_available: boolean; is_legacy: boolean; is_archived: boolean; }'. Did you mean 'updated_at'?
src/services/model.service.ts(387,9): error TS2561: Object literal may only specify known properties, but 'isAvailable' does not exist in type 'modelsSelect<DefaultArgs>'. Did you mean to write 'is_available'?
src/services/model.service.ts(424,9): error TS2561: Object literal may only specify known properties, but 'isAvailable' does not exist in type 'modelsSelect<DefaultArgs>'. Did you mean to write 'is_available'?
src/services/model.service.ts(480,18): error TS2561: Object literal may only specify known properties, but 'isAvailable' does not exist in type 'modelsWhereInput'. Did you mean to write 'is_available'?
src/services/model.service.ts(527,37): error TS2339: Property 'usageHistory' does not exist on type 'PrismaClient<PrismaClientOptions, never, DefaultArgs>'.
src/services/model.service.ts(538,23): error TS7006: Parameter 'stat' implicitly has an 'any' type.
src/services/model.service.ts(601,9): error TS2561: Object literal may only specify known properties, but 'isAvailable' does not exist in type '(Without<modelsCreateInput, modelsUncheckedCreateInput> & modelsUncheckedCreateInput) | (Without<...> & modelsCreateInput)'. Did you mean to write 'is_available'?
src/services/model.service.ts(676,9): error TS2561: Object literal may only specify known properties, but 'isLegacy' does not exist in type '(Without<modelsUpdateInput, modelsUncheckedUpdateInput> & modelsUncheckedUpdateInput) | (Without<...> & modelsUpdateInput)'. Did you mean to write 'is_legacy'?
src/services/model.service.ts(731,9): error TS2561: Object literal may only specify known properties, but 'isLegacy' does not exist in type '(Without<modelsUpdateInput, modelsUncheckedUpdateInput> & modelsUncheckedUpdateInput) | (Without<...> & modelsUpdateInput)'. Did you mean to write 'is_legacy'?
src/services/model.service.ts(766,9): error TS2561: Object literal may only specify known properties, but 'isArchived' does not exist in type '(Without<modelsUpdateInput, modelsUncheckedUpdateInput> & modelsUncheckedUpdateInput) | (Without<...> & modelsUpdateInput)'. Did you mean to write 'is_archived'?
src/services/model.service.ts(801,9): error TS2561: Object literal may only specify known properties, but 'isArchived' does not exist in type '(Without<modelsUpdateInput, modelsUncheckedUpdateInput> & modelsUncheckedUpdateInput) | (Without<...> & modelsUpdateInput)'. Did you mean to write 'is_archived'?
src/services/model.service.ts(877,16): error TS2561: Object literal may only specify known properties, but 'isLegacy' does not exist in type 'modelsWhereInput'. Did you mean to write 'is_legacy'?
src/services/model.service.ts(882,9): error TS2561: Object literal may only specify known properties, but 'isAvailable' does not exist in type 'modelsSelect<DefaultArgs>'. Did you mean to write 'is_available'?
src/services/model.service.ts(903,28): error TS2551: Property 'isLegacy' does not exist on type '{ id: string; name: string; provider: string; meta: JsonValue; created_at: Date; updated_at: Date; is_available: boolean; is_legacy: boolean; is_archived: boolean; }'. Did you mean 'is_legacy'?
src/services/model.service.ts(929,16): error TS2561: Object literal may only specify known properties, but 'isArchived' does not exist in type 'modelsWhereInput'. Did you mean to write 'is_archived'?
src/services/model.service.ts(934,9): error TS2561: Object literal may only specify known properties, but 'isAvailable' does not exist in type 'modelsSelect<DefaultArgs>'. Did you mean to write 'is_available'?
src/services/model.service.ts(955,28): error TS2551: Property 'isLegacy' does not exist on type '{ id: string; name: string; provider: string; meta: JsonValue; created_at: Date; updated_at: Date; is_available: boolean; is_legacy: boolean; is_archived: boolean; }'. Did you mean 'is_legacy'?
src/services/platform-analytics.service.ts(95,47): error TS2551: Property 'subscriptionMonetization' does not exist on type 'PrismaClient<PrismaClientOptions, never, DefaultArgs>'. Did you mean 'subscription_monetization'?
src/services/platform-analytics.service.ts(101,30): error TS7006: Parameter 'sub' implicitly has an 'any' type.
src/services/platform-analytics.service.ts(148,47): error TS2551: Property 'subscriptionMonetization' does not exist on type 'PrismaClient<PrismaClientOptions, never, DefaultArgs>'. Did you mean 'subscription_monetization'?
src/services/platform-analytics.service.ts(154,30): error TS7006: Parameter 'sub' implicitly has an 'any' type.
src/services/platform-analytics.service.ts(195,46): error TS2551: Property 'paymentTransaction' does not exist on type 'PrismaClient<PrismaClientOptions, never, DefaultArgs>'. Did you mean 'payment_transaction'?
src/services/platform-analytics.service.ts(206,29): error TS7006: Parameter 'txn' implicitly has an 'any' type.
src/services/platform-analytics.service.ts(242,39): error TS2551: Property 'user' does not exist on type 'PrismaClient<PrismaClientOptions, never, DefaultArgs>'. Did you mean 'users'?
src/services/platform-analytics.service.ts(266,47): error TS2551: Property 'subscriptionMonetization' does not exist on type 'PrismaClient<PrismaClientOptions, never, DefaultArgs>'. Did you mean 'subscription_monetization'?
src/services/platform-analytics.service.ts(272,48): error TS7006: Parameter 'sum' implicitly has an 'any' type.
src/services/platform-analytics.service.ts(272,53): error TS7006: Parameter 'group' implicitly has an 'any' type.
src/services/platform-analytics.service.ts(274,61): error TS7006: Parameter 'group' implicitly has an 'any' type.
src/services/platform-analytics.service.ts(317,47): error TS2551: Property 'subscriptionMonetization' does not exist on type 'PrismaClient<PrismaClientOptions, never, DefaultArgs>'. Did you mean 'subscription_monetization'?
src/services/platform-analytics.service.ts(325,51): error TS2551: Property 'subscriptionMonetization' does not exist on type 'PrismaClient<PrismaClientOptions, never, DefaultArgs>'. Did you mean 'subscription_monetization'?
src/services/platform-analytics.service.ts(385,45): error TS2551: Property 'creditAllocation' does not exist on type 'PrismaClient<PrismaClientOptions, never, DefaultArgs>'. Did you mean 'credit_allocation'?
src/services/platform-analytics.service.ts(392,39): error TS2339: Property 'usageHistory' does not exist on type 'PrismaClient<PrismaClientOptions, never, DefaultArgs>'.
src/services/platform-analytics.service.ts(422,21): error TS2551: Property 'creditAllocation' does not exist on type 'PrismaClient<PrismaClientOptions, never, DefaultArgs>'. Did you mean 'credit_allocation'?
src/services/platform-analytics.service.ts(423,21): error TS2339: Property 'usageHistory' does not exist on type 'PrismaClient<PrismaClientOptions, never, DefaultArgs>'.
src/services/platform-analytics.service.ts(454,42): error TS2339: Property 'usageHistory' does not exist on type 'PrismaClient<PrismaClientOptions, never, DefaultArgs>'.
src/services/platform-analytics.service.ts(461,36): error TS7006: Parameter 'user' implicitly has an 'any' type.
src/services/platform-analytics.service.ts(490,48): error TS2551: Property 'user' does not exist on type 'PrismaClient<PrismaClientOptions, never, DefaultArgs>'. Did you mean 'users'?
src/services/platform-analytics.service.ts(493,48): error TS2551: Property 'subscriptionMonetization' does not exist on type 'PrismaClient<PrismaClientOptions, never, DefaultArgs>'. Did you mean 'subscription_monetization'?
src/services/platform-analytics.service.ts(524,45): error TS2551: Property 'subscriptionMonetization' does not exist on type 'PrismaClient<PrismaClientOptions, never, DefaultArgs>'. Did you mean 'subscription_monetization'?
src/services/platform-analytics.service.ts(529,49): error TS2551: Property 'subscriptionMonetization' does not exist on type 'PrismaClient<PrismaClientOptions, never, DefaultArgs>'. Did you mean 'subscription_monetization'?
src/services/pricing-config.service.ts(58,38): error TS2551: Property 'user' does not exist on type 'PrismaClient<PrismaClientOptions, never, DefaultArgs>'. Did you mean 'users'?
src/services/proration.service.ts(12,24): error TS2724: '"@prisma/client"' has no exported member named 'SubscriptionMonetization'. Did you mean 'subscription_monetization'?
src/services/proration.service.ts(12,50): error TS2724: '"@prisma/client"' has no exported member named 'ProrationEvent'. Did you mean 'proration_event'?
src/services/proration.service.ts(113,38): error TS2551: Property 'currentPeriodStart' does not exist on type '{ status: string; id: string; tier: subscription_tier; created_at: Date; updated_at: Date; user_id: string; billing_cycle: string; base_price_usd: Decimal; ... 6 more ...; cancelled_at: Date | null; }'. Did you mean 'current_period_start'?
src/services/proration.service.ts(114,36): error TS2551: Property 'currentPeriodEnd' does not exist on type '{ status: string; id: string; tier: subscription_tier; created_at: Date; updated_at: Date; user_id: string; billing_cycle: string; base_price_usd: Decimal; ... 6 more ...; cancelled_at: Date | null; }'. Did you mean 'current_period_end'?
src/services/proration.service.ts(124,57): error TS2551: Property 'billingCycle' does not exist on type '{ status: string; id: string; tier: subscription_tier; created_at: Date; updated_at: Date; user_id: string; billing_cycle: string; base_price_usd: Decimal; ... 6 more ...; cancelled_at: Date | null; }'. Did you mean 'billing_cycle'?
src/services/proration.service.ts(128,66): error TS2551: Property 'billingCycle' does not exist on type '{ status: string; id: string; tier: subscription_tier; created_at: Date; updated_at: Date; user_id: string; billing_cycle: string; base_price_usd: Decimal; ... 6 more ...; cancelled_at: Date | null; }'. Did you mean 'billing_cycle'?
src/services/proration.service.ts(131,34): error TS2551: Property 'billingCycle' does not exist on type '{ status: string; id: string; tier: subscription_tier; created_at: Date; updated_at: Date; user_id: string; billing_cycle: string; base_price_usd: Decimal; ... 6 more ...; cancelled_at: Date | null; }'. Did you mean 'billing_cycle'?
src/services/proration.service.ts(205,69): error TS2551: Property 'currentPeriodEnd' does not exist on type '{ status: string; id: string; tier: subscription_tier; created_at: Date; updated_at: Date; user_id: string; billing_cycle: string; base_price_usd: Decimal; ... 6 more ...; cancelled_at: Date | null; }'. Did you mean 'current_period_end'?
src/services/proration.service.ts(210,54): error TS2551: Property 'currentPeriodEnd' does not exist on type '{ status: string; id: string; tier: subscription_tier; created_at: Date; updated_at: Date; user_id: string; billing_cycle: string; base_price_usd: Decimal; ... 6 more ...; cancelled_at: Date | null; }'. Did you mean 'current_period_end'?
src/services/proration.service.ts(213,71): error TS2551: Property 'currentPeriodEnd' does not exist on type '{ status: string; id: string; tier: subscription_tier; created_at: Date; updated_at: Date; user_id: string; billing_cycle: string; base_price_usd: Decimal; ... 6 more ...; cancelled_at: Date | null; }'. Did you mean 'current_period_end'?
src/services/proration.service.ts(220,37): error TS2551: Property 'currentPeriodEnd' does not exist on type '{ status: string; id: string; tier: subscription_tier; created_at: Date; updated_at: Date; user_id: string; billing_cycle: string; base_price_usd: Decimal; ... 6 more ...; cancelled_at: Date | null; }'. Did you mean 'current_period_end'?
src/services/proration.service.ts(277,46): error TS2551: Property 'proration_events' does not exist on type 'PrismaClient<PrismaClientOptions, never, DefaultArgs>'. Did you mean 'proration_event'?
src/services/proration.service.ts(279,30): error TS2551: Property 'userId' does not exist on type '{ status: string; id: string; tier: subscription_tier; created_at: Date; updated_at: Date; user_id: string; billing_cycle: string; base_price_usd: Decimal; ... 6 more ...; cancelled_at: Date | null; }'. Did you mean 'user_id'?
src/services/proration.service.ts(299,9): error TS2561: Object literal may only specify known properties, but 'basePriceUsd' does not exist in type '(Without<subscription_monetizationUpdateInput, subscription_monetizationUncheckedUpdateInput> & subscription_monetizationUncheckedUpdateInput) | (Without<...> & subscription_monetizationUpdateInput)'. Did you mean to write 'base_price_usd'?
src/services/proration.service.ts(390,23): error TS2551: Property 'proration_events' does not exist on type 'PrismaClient<PrismaClientOptions, never, DefaultArgs>'. Did you mean 'proration_event'?
src/services/proration.service.ts(419,24): error TS2551: Property 'proration_events' does not exist on type 'PrismaClient<PrismaClientOptions, never, DefaultArgs>'. Did you mean 'proration_event'?
src/services/proration.service.ts(438,24): error TS2551: Property 'proration_events' does not exist on type 'PrismaClient<PrismaClientOptions, never, DefaultArgs>'. Did you mean 'proration_event'?
src/services/proration.service.ts(507,19): error TS2551: Property 'proration_events' does not exist on type 'PrismaClient<PrismaClientOptions, never, DefaultArgs>'. Did you mean 'proration_event'?
src/services/proration.service.ts(508,19): error TS2551: Property 'proration_events' does not exist on type 'PrismaClient<PrismaClientOptions, never, DefaultArgs>'. Did you mean 'proration_event'?
src/services/proration.service.ts(544,37): error TS2551: Property 'proration_events' does not exist on type 'PrismaClient<PrismaClientOptions, never, DefaultArgs>'. Did you mean 'proration_event'?
src/services/proration.service.ts(578,39): error TS2551: Property 'proration_events' does not exist on type 'PrismaClient<PrismaClientOptions, never, DefaultArgs>'. Did you mean 'proration_event'?
src/services/proration.service.ts(589,46): error TS2551: Property 'proration_events' does not exist on type 'PrismaClient<PrismaClientOptions, never, DefaultArgs>'. Did you mean 'proration_event'?
src/services/proration.service.ts(656,44): error TS2551: Property 'proration_events' does not exist on type 'PrismaClient<PrismaClientOptions, never, DefaultArgs>'. Did you mean 'proration_event'?
src/services/proration.service.ts(675,23): error TS2551: Property 'proration_events' does not exist on type 'PrismaClient<PrismaClientOptions, never, DefaultArgs>'. Did you mean 'proration_event'?
src/services/proration.service.ts(685,9): error TS2561: Object literal may only specify known properties, but 'basePriceUsd' does not exist in type '(Without<subscription_monetizationUpdateInput, subscription_monetizationUncheckedUpdateInput> & subscription_monetizationUncheckedUpdateInput) | (Without<...> & subscription_monetizationUpdateInput)'. Did you mean to write 'base_price_usd'?
src/services/revenue-analytics.service.ts(77,14): error TS2561: Object literal may only specify known properties, but 'start_date' does not exist in type 'PeriodConfig'. Did you mean to write 'startDate'?
src/services/revenue-analytics.service.ts(112,54): error TS2551: Property 'subscription_monetizations' does not exist on type 'PrismaClient<PrismaClientOptions, never, DefaultArgs>'. Did you mean 'subscription_monetization'?
src/services/revenue-analytics.service.ts(116,25): error TS2551: Property 'start_date' does not exist on type 'PeriodConfig'. Did you mean 'startDate'?
src/services/revenue-analytics.service.ts(125,68): error TS7006: Parameter 'sub' implicitly has an 'any' type.
src/services/revenue-analytics.service.ts(134,55): error TS2551: Property 'subscription_monetizations' does not exist on type 'PrismaClient<PrismaClientOptions, never, DefaultArgs>'. Did you mean 'subscription_monetization'?
src/services/revenue-analytics.service.ts(148,70): error TS7006: Parameter 'sub' implicitly has an 'any' type.
src/services/revenue-analytics.service.ts(157,50): error TS2551: Property 'perpetual_licenses' does not exist on type 'PrismaClient<PrismaClientOptions, never, DefaultArgs>'. Did you mean 'perpetual_license'?
src/services/revenue-analytics.service.ts(160,25): error TS2551: Property 'start_date' does not exist on type 'PeriodConfig'. Did you mean 'startDate'?
src/services/revenue-analytics.service.ts(161,25): error TS2551: Property 'end_date' does not exist on type 'PeriodConfig'. Did you mean 'endDate'?
src/services/revenue-analytics.service.ts(173,58): error TS2551: Property 'perpetual_licenses' does not exist on type 'PrismaClient<PrismaClientOptions, never, DefaultArgs>'. Did you mean 'perpetual_license'?
src/services/revenue-analytics.service.ts(190,48): error TS2551: Property 'version_upgrades' does not exist on type 'PrismaClient<PrismaClientOptions, never, DefaultArgs>'. Did you mean 'version_upgrade'?
src/services/revenue-analytics.service.ts(193,25): error TS2551: Property 'start_date' does not exist on type 'PeriodConfig'. Did you mean 'startDate'?
src/services/revenue-analytics.service.ts(194,25): error TS2551: Property 'end_date' does not exist on type 'PeriodConfig'. Did you mean 'endDate'?
src/services/revenue-analytics.service.ts(207,56): error TS2551: Property 'version_upgrades' does not exist on type 'PrismaClient<PrismaClientOptions, never, DefaultArgs>'. Did you mean 'version_upgrade'?
src/services/revenue-analytics.service.ts(237,33): error TS2551: Property 'start_date' does not exist on type 'PeriodConfig'. Did you mean 'startDate'?
src/services/revenue-analytics.service.ts(243,15): error TS2561: Object literal may only specify known properties, but 'perpetualLicenses' does not exist in type 'usersWhereInput'. Did you mean to write 'perpetual_license'?
src/services/revenue-analytics.service.ts(246,33): error TS2551: Property 'start_date' does not exist on type 'PeriodConfig'. Did you mean 'startDate'?
src/services/revenue-analytics.service.ts(247,33): error TS2551: Property 'end_date' does not exist on type 'PeriodConfig'. Did you mean 'endDate'?
src/services/revenue-analytics.service.ts(272,15): error TS2561: Object literal may only specify known properties, but 'perpetualLicenses' does not exist in type 'usersWhereInput'. Did you mean to write 'perpetual_license'?
src/services/revenue-analytics.service.ts(291,48): error TS2551: Property 'coupon_redemptions' does not exist on type 'PrismaClient<PrismaClientOptions, never, DefaultArgs>'. Did you mean 'coupon_redemption'?
src/services/revenue-analytics.service.ts(294,25): error TS2551: Property 'start_date' does not exist on type 'PeriodConfig'. Did you mean 'startDate'?
src/services/revenue-analytics.service.ts(295,25): error TS2551: Property 'end_date' does not exist on type 'PeriodConfig'. Did you mean 'endDate'?
src/services/revenue-analytics.service.ts(348,47): error TS2551: Property 'subscription_monetizations' does not exist on type 'PrismaClient<PrismaClientOptions, never, DefaultArgs>'. Did you mean 'subscription_monetization'?
src/services/revenue-analytics.service.ts(352,25): error TS2551: Property 'start_date' does not exist on type 'PeriodConfig'. Did you mean 'startDate'?
src/services/revenue-analytics.service.ts(361,70): error TS7006: Parameter 'sub' implicitly has an 'any' type.
src/services/revenue-analytics.service.ts(370,43): error TS2551: Property 'perpetual_licenses' does not exist on type 'PrismaClient<PrismaClientOptions, never, DefaultArgs>'. Did you mean 'perpetual_license'?
src/services/revenue-analytics.service.ts(373,25): error TS2551: Property 'start_date' does not exist on type 'PeriodConfig'. Did you mean 'startDate'?
src/services/revenue-analytics.service.ts(374,25): error TS2551: Property 'end_date' does not exist on type 'PeriodConfig'. Did you mean 'endDate'?
src/services/revenue-analytics.service.ts(387,42): error TS2551: Property 'version_upgrades' does not exist on type 'PrismaClient<PrismaClientOptions, never, DefaultArgs>'. Did you mean 'version_upgrade'?
src/services/revenue-analytics.service.ts(390,25): error TS2551: Property 'start_date' does not exist on type 'PeriodConfig'. Did you mean 'startDate'?
src/services/revenue-analytics.service.ts(391,25): error TS2551: Property 'end_date' does not exist on type 'PeriodConfig'. Did you mean 'endDate'?
src/services/revenue-analytics.service.ts(454,47): error TS2551: Property 'subscription_monetizations' does not exist on type 'PrismaClient<PrismaClientOptions, never, DefaultArgs>'. Did you mean 'subscription_monetization'?
src/services/revenue-analytics.service.ts(457,25): error TS2551: Property 'start_date' does not exist on type 'PeriodConfig'. Did you mean 'startDate'?
src/services/revenue-analytics.service.ts(458,25): error TS2551: Property 'end_date' does not exist on type 'PeriodConfig'. Did you mean 'endDate'?
src/services/revenue-analytics.service.ts(469,44): error TS2551: Property 'perpetual_licenses' does not exist on type 'PrismaClient<PrismaClientOptions, never, DefaultArgs>'. Did you mean 'perpetual_license'?
src/services/revenue-analytics.service.ts(472,25): error TS2551: Property 'start_date' does not exist on type 'PeriodConfig'. Did you mean 'startDate'?
src/services/revenue-analytics.service.ts(473,25): error TS2551: Property 'end_date' does not exist on type 'PeriodConfig'. Did you mean 'endDate'?
src/services/revenue-analytics.service.ts(483,42): error TS2551: Property 'version_upgrades' does not exist on type 'PrismaClient<PrismaClientOptions, never, DefaultArgs>'. Did you mean 'version_upgrade'?
src/services/revenue-analytics.service.ts(486,25): error TS2551: Property 'start_date' does not exist on type 'PeriodConfig'. Did you mean 'startDate'?
src/services/revenue-analytics.service.ts(487,25): error TS2551: Property 'end_date' does not exist on type 'PeriodConfig'. Did you mean 'endDate'?
src/services/revenue-analytics.service.ts(603,25): error TS2551: Property 'start_date' does not exist on type 'PeriodConfig'. Did you mean 'startDate'?
src/services/revenue-analytics.service.ts(604,25): error TS2551: Property 'end_date' does not exist on type 'PeriodConfig'. Did you mean 'endDate'?
src/services/revenue-analytics.service.ts(611,11): error TS2561: Object literal may only specify known properties, but 'perpetualLicenses' does not exist in type 'usersWhereInput'. Did you mean to write 'perpetual_license'?
src/services/revenue-analytics.service.ts(624,29): error TS2551: Property 'start_date' does not exist on type 'PeriodConfig'. Did you mean 'startDate'?
src/services/revenue-analytics.service.ts(625,29): error TS2551: Property 'end_date' does not exist on type 'PeriodConfig'. Did you mean 'endDate'?
src/services/revenue-analytics.service.ts(635,11): error TS2561: Object literal may only specify known properties, but 'perpetualLicenses' does not exist in type 'usersWhereInput'. Did you mean to write 'perpetual_license'?
src/services/revenue-analytics.service.ts(638,29): error TS2551: Property 'start_date' does not exist on type 'PeriodConfig'. Did you mean 'startDate'?
src/services/revenue-analytics.service.ts(639,29): error TS2551: Property 'end_date' does not exist on type 'PeriodConfig'. Did you mean 'endDate'?
src/services/revenue-analytics.service.ts(707,46): error TS2339: Property 'usage_history' does not exist on type 'PrismaClient<PrismaClientOptions, never, DefaultArgs>'.
src/services/revenue-analytics.service.ts(711,25): error TS2551: Property 'start_date' does not exist on type 'PeriodConfig'. Did you mean 'startDate'?
src/services/revenue-analytics.service.ts(712,25): error TS2551: Property 'end_date' does not exist on type 'PeriodConfig'. Did you mean 'endDate'?
src/services/revenue-analytics.service.ts(730,46): error TS2339: Property 'usage_history' does not exist on type 'PrismaClient<PrismaClientOptions, never, DefaultArgs>'.
src/services/revenue-analytics.service.ts(733,25): error TS2551: Property 'start_date' does not exist on type 'PeriodConfig'. Did you mean 'startDate'?
src/services/revenue-analytics.service.ts(734,25): error TS2551: Property 'end_date' does not exist on type 'PeriodConfig'. Did you mean 'endDate'?
src/services/revenue-analytics.service.ts(748,38): error TS7006: Parameter 'item' implicitly has an 'any' type.
src/services/revenue-analytics.service.ts(793,44): error TS2551: Property 'coupon_campaigns' does not exist on type 'PrismaClient<PrismaClientOptions, never, DefaultArgs>'. Did you mean 'coupon_campaign'?
src/services/revenue-analytics.service.ts(796,25): error TS2551: Property 'end_date' does not exist on type 'PeriodConfig'. Did you mean 'endDate'?
src/services/revenue-analytics.service.ts(799,25): error TS2551: Property 'start_date' does not exist on type 'PeriodConfig'. Did you mean 'startDate'?
src/services/revenue-analytics.service.ts(805,43): error TS2551: Property 'coupon_campaigns' does not exist on type 'PrismaClient<PrismaClientOptions, never, DefaultArgs>'. Did you mean 'coupon_campaign'?
src/services/revenue-analytics.service.ts(808,25): error TS2551: Property 'end_date' does not exist on type 'PeriodConfig'. Did you mean 'endDate'?
src/services/revenue-analytics.service.ts(811,25): error TS2551: Property 'start_date' does not exist on type 'PeriodConfig'. Did you mean 'startDate'?
src/services/revenue-analytics.service.ts(820,33): error TS2551: Property 'start_date' does not exist on type 'PeriodConfig'. Did you mean 'startDate'?
src/services/revenue-analytics.service.ts(821,33): error TS2551: Property 'end_date' does not exist on type 'PeriodConfig'. Did you mean 'endDate'?
src/services/settings.service.ts(267,9): error TS2322: Type '{ category: SettingCategory; key: string; value: any; is_encrypted: boolean; }' is not assignable to type '(Without<app_settingsCreateInput, app_settingsUncheckedCreateInput> & app_settingsUncheckedCreateInput) | (Without<...> & app_settingsCreateInput)'.
  Type '{ category: SettingCategory; key: string; value: any; is_encrypted: boolean; }' is not assignable to type 'Without<app_settingsUncheckedCreateInput, app_settingsCreateInput> & app_settingsCreateInput'.
    Property 'updated_at' is missing in type '{ category: SettingCategory; key: string; value: any; is_encrypted: boolean; }' but required in type 'app_settingsCreateInput'.
src/services/settings.service.ts(442,13): error TS2322: Type '{ category: string; key: string; value: any; is_encrypted: boolean; }' is not assignable to type '(Without<app_settingsCreateInput, app_settingsUncheckedCreateInput> & app_settingsUncheckedCreateInput) | (Without<...> & app_settingsCreateInput)'.
  Type '{ category: string; key: string; value: any; is_encrypted: boolean; }' is not assignable to type 'Without<app_settingsUncheckedCreateInput, app_settingsCreateInput> & app_settingsCreateInput'.
    Property 'updated_at' is missing in type '{ category: string; key: string; value: any; is_encrypted: boolean; }' but required in type 'app_settingsCreateInput'.
src/services/stripe.service.ts(486,41): error TS2551: Property 'subscription' does not exist on type 'PrismaClient<PrismaClientOptions, never, DefaultArgs>'. Did you mean 'subscriptions'?
src/services/stripe.service.ts(491,20): error TS2551: Property 'subscription' does not exist on type 'PrismaClient<PrismaClientOptions, never, DefaultArgs>'. Did you mean 'subscriptions'?
src/services/stripe.service.ts(531,18): error TS2561: Object literal may only specify known properties, but 'stripeSubscriptionId' does not exist in type 'subscriptionsWhereInput'. Did you mean to write 'stripe_subscription_id'?
src/services/stripe.service.ts(542,34): error TS2551: Property 'userId' does not exist on type '{ status: subscription_status; id: string; tier: subscription_tier; created_at: Date; updated_at: Date; user_id: string; stripe_customer_id: string | null; ... 10 more ...; cancel_at_period_end: boolean; }'. Did you mean 'user_id'?
src/services/stripe.service.ts(544,40): error TS2551: Property 'creditsPerMonth' does not exist on type '{ status: subscription_status; id: string; tier: subscription_tier; created_at: Date; updated_at: Date; user_id: string; stripe_customer_id: string | null; ... 10 more ...; cancel_at_period_end: boolean; }'. Did you mean 'credits_per_month'?
src/services/stripe.service.ts(552,34): error TS2551: Property 'userId' does not exist on type '{ status: subscription_status; id: string; tier: subscription_tier; created_at: Date; updated_at: Date; user_id: string; stripe_customer_id: string | null; ... 10 more ...; cancel_at_period_end: boolean; }'. Did you mean 'user_id'?
src/services/stripe.service.ts(553,35): error TS2551: Property 'creditsPerMonth' does not exist on type '{ status: subscription_status; id: string; tier: subscription_tier; created_at: Date; updated_at: Date; user_id: string; stripe_customer_id: string | null; ... 10 more ...; cancel_at_period_end: boolean; }'. Did you mean 'credits_per_month'?
src/services/stripe.service.ts(584,18): error TS2561: Object literal may only specify known properties, but 'stripeSubscriptionId' does not exist in type 'subscriptionsWhereInput'. Did you mean to write 'stripe_subscription_id'?
src/services/stripe.service.ts(592,13): error TS2561: Object literal may only specify known properties, but 'updatedAt' does not exist in type '(Without<subscriptionsUpdateInput, subscriptionsUncheckedUpdateInput> & subscriptionsUncheckedUpdateInput) | (Without<...> & subscriptionsUpdateInput)'. Did you mean to write 'updated_at'?
src/services/stripe.service.ts(599,34): error TS2551: Property 'userId' does not exist on type '{ status: subscription_status; id: string; tier: subscription_tier; created_at: Date; updated_at: Date; user_id: string; stripe_customer_id: string | null; ... 10 more ...; cancel_at_period_end: boolean; }'. Did you mean 'user_id'?
src/services/subscription-management.service.ts(87,44): error TS2551: Property 'subscription_tier_configs' does not exist on type 'PrismaClient<PrismaClientOptions, never, DefaultArgs>'. Did you mean 'subscription_tier_config'?
src/services/subscription-management.service.ts(125,9): error TS2322: Type '{ user_id: string; tier: any; billing_cycle: "monthly" | "annual"; status: "active" | "trial"; base_price_usd: number; monthly_credit_allocation: any; stripe_customer_id: string | null; stripe_subscription_id: string | null; current_period_start: Date; current_period_end: Date; trial_ends_at: Date | null; }' is not assignable to type '(Without<subscription_monetizationCreateInput, subscription_monetizationUncheckedCreateInput> & subscription_monetizationUncheckedCreateInput) | (Without<...> & subscription_monetizationCreateInput)'.
  Type '{ user_id: string; tier: any; billing_cycle: "monthly" | "annual"; status: "active" | "trial"; base_price_usd: number; monthly_credit_allocation: any; stripe_customer_id: string | null; stripe_subscription_id: string | null; current_period_start: Date; current_period_end: Date; trial_ends_at: Date | null; }' is not assignable to type 'Without<subscription_monetizationCreateInput, subscription_monetizationUncheckedCreateInput> & subscription_monetizationUncheckedCreateInput'.
    Type '{ user_id: string; tier: any; billing_cycle: "monthly" | "annual"; status: "active" | "trial"; base_price_usd: number; monthly_credit_allocation: any; stripe_customer_id: string | null; stripe_subscription_id: string | null; current_period_start: Date; current_period_end: Date; trial_ends_at: Date | null; }' is missing the following properties from type 'subscription_monetizationUncheckedCreateInput': id, updated_at
src/services/subscription-management.service.ts(149,11): error TS2561: Object literal may only specify known properties, but 'user' does not exist in type 'subscription_monetizationInclude<DefaultArgs>'. Did you mean to write 'users'?
src/services/subscription-management.service.ts(205,47): error TS2551: Property 'subscription_tier_configs' does not exist on type 'PrismaClient<PrismaClientOptions, never, DefaultArgs>'. Did you mean 'subscription_tier_config'?
src/services/subscription-management.service.ts(237,11): error TS2561: Object literal may only specify known properties, but 'user' does not exist in type 'subscription_monetizationInclude<DefaultArgs>'. Did you mean to write 'users'?
src/services/subscription-management.service.ts(293,47): error TS2551: Property 'subscription_tier_configs' does not exist on type 'PrismaClient<PrismaClientOptions, never, DefaultArgs>'. Did you mean 'subscription_tier_config'?
src/services/subscription-management.service.ts(322,11): error TS2561: Object literal may only specify known properties, but 'user' does not exist in type 'subscription_monetizationInclude<DefaultArgs>'. Did you mean to write 'users'?
src/services/subscription-management.service.ts(390,11): error TS2561: Object literal may only specify known properties, but 'user' does not exist in type 'subscription_monetizationInclude<DefaultArgs>'. Did you mean to write 'users'?
src/services/subscription-management.service.ts(450,11): error TS2561: Object literal may only specify known properties, but 'user' does not exist in type 'subscription_monetizationInclude<DefaultArgs>'. Did you mean to write 'users'?
src/services/subscription-management.service.ts(514,44): error TS2551: Property 'credit_allocations' does not exist on type 'PrismaClient<PrismaClientOptions, never, DefaultArgs>'. Did you mean 'credit_allocation'?
src/services/subscription-management.service.ts(556,44): error TS2551: Property 'subscription_tier_configs' does not exist on type 'PrismaClient<PrismaClientOptions, never, DefaultArgs>'. Did you mean 'subscription_tier_config'?
src/services/subscription-management.service.ts(608,44): error TS2551: Property 'subscription_tier_configs' does not exist on type 'PrismaClient<PrismaClientOptions, never, DefaultArgs>'. Did you mean 'subscription_tier_config'?
src/services/subscription-management.service.ts(637,44): error TS2551: Property 'subscription_tier_configs' does not exist on type 'PrismaClient<PrismaClientOptions, never, DefaultArgs>'. Did you mean 'subscription_tier_config'?
src/services/subscription-management.service.ts(677,11): error TS2561: Object literal may only specify known properties, but 'user' does not exist in type 'subscription_monetizationInclude<DefaultArgs>'. Did you mean to write 'users'?
src/services/subscription-management.service.ts(708,11): error TS2561: Object literal may only specify known properties, but 'user' does not exist in type 'subscription_monetizationInclude<DefaultArgs>'. Did you mean to write 'users'?
src/services/subscription-management.service.ts(761,13): error TS2561: Object literal may only specify known properties, but 'user' does not exist in type 'subscription_monetizationInclude<DefaultArgs>'. Did you mean to write 'users'?
src/services/subscription.service.ts(19,24): error TS2724: '"@prisma/client"' has no exported member named 'SubscriptionTier'. Did you mean 'subscription_tier'?
src/services/subscription.service.ts(19,42): error TS2724: '"@prisma/client"' has no exported member named 'SubscriptionStatus'. Did you mean 'subscription_status'?
src/services/subscription.service.ts(166,7): error TS2322: Type '{ user_id: string; tier: SubscriptionTier; status: any; credits_per_month: 5000 | 100000 | 1000000; credits_rollover: false; price_cents: number; billing_interval: BillingInterval; stripe_subscription_id: string | null; stripe_customer_id: string | null; current_period_start: Date; current_period_end: Date; }' is not assignable to type '(Without<subscriptionsCreateInput, subscriptionsUncheckedCreateInput> & subscriptionsUncheckedCreateInput) | (Without<...> & subscriptionsCreateInput)'.
  Type '{ user_id: string; tier: SubscriptionTier; status: any; credits_per_month: 5000 | 100000 | 1000000; credits_rollover: false; price_cents: number; billing_interval: BillingInterval; stripe_subscription_id: string | null; stripe_customer_id: string | null; current_period_start: Date; current_period_end: Date; }' is not assignable to type 'Without<subscriptionsCreateInput, subscriptionsUncheckedCreateInput> & subscriptionsUncheckedCreateInput'.
    Type '{ user_id: string; tier: SubscriptionTier; status: any; credits_per_month: 5000 | 100000 | 1000000; credits_rollover: false; price_cents: number; billing_interval: BillingInterval; stripe_subscription_id: string | null; stripe_customer_id: string | null; current_period_start: Date; current_period_end: Date; }' is missing the following properties from type 'subscriptionsUncheckedCreateInput': id, updated_at
src/services/usage.service.ts(21,24): error TS2305: Module '"@prisma/client"' has no exported member 'UsageHistory'.
src/services/usage.service.ts(21,38): error TS2724: '"@prisma/client"' has no exported member named 'UsageOperation'. Did you mean 'usage_operation'?
src/services/usage.service.ts(92,43): error TS2339: Property 'usage_history' does not exist on type 'PrismaClient<PrismaClientOptions, never, DefaultArgs>'.
src/services/usage.service.ts(160,37): error TS2339: Property 'usage_history' does not exist on type 'PrismaClient<PrismaClientOptions, never, DefaultArgs>'.
src/services/usage.service.ts(163,37): error TS2339: Property 'usage_history' does not exist on type 'PrismaClient<PrismaClientOptions, never, DefaultArgs>'.
src/services/usage.service.ts(173,43): error TS2339: Property 'usage_history' does not exist on type 'PrismaClient<PrismaClientOptions, never, DefaultArgs>'.
src/services/usage.service.ts(366,39): error TS2339: Property 'usage_history' does not exist on type 'PrismaClient<PrismaClientOptions, never, DefaultArgs>'.
src/services/usage.service.ts(386,25): error TS7006: Parameter 'row' implicitly has an 'any' type.
src/services/usage.service.ts(420,9): error TS2561: Object literal may only specify known properties, but 'creditsDeducted' does not exist in type 'Token_usage_ledgerSumAggregateInputType'. Did you mean to write 'credits_deducted'?
src/services/usage.service.ts(424,25): error TS2551: Property 'creditsDeducted' does not exist on type '{ input_tokens?: number | null | undefined; output_tokens?: number | null | undefined; cached_input_tokens?: number | null | undefined; vendor_cost?: Decimal | null | undefined; ... 5 more ...; gross_margin_usd?: Decimal | ... 1 more ... | undefined; }'. Did you mean 'credits_deducted'?
src/services/usage.service.ts(436,37): error TS2339: Property 'usage_history' does not exist on type 'PrismaClient<PrismaClientOptions, never, DefaultArgs>'.
src/services/usage.service.ts(454,38): error TS2339: Property 'usage_history' does not exist on type 'PrismaClient<PrismaClientOptions, never, DefaultArgs>'.
src/services/usage.service.ts(479,38): error TS2339: Property 'usage_history' does not exist on type 'PrismaClient<PrismaClientOptions, never, DefaultArgs>'.
src/services/usage.service.ts(547,9): error TS2561: Object literal may only specify known properties, but 'userId' does not exist in type 'token_usage_ledgerWhereInput'. Did you mean to write 'user_id'?
src/services/usage.service.ts(554,9): error TS2561: Object literal may only specify known properties, but 'provider' does not exist in type 'token_usage_ledgerInclude<DefaultArgs>'. Did you mean to write 'providers'?
src/services/usage.service.ts(556,18): error TS2353: Object literal may only specify known properties, and 'createdAt' does not exist in type 'token_usage_ledgerOrderByWithRelationInput | token_usage_ledgerOrderByWithRelationInput[]'.
src/services/usage.service.ts(580,60): error TS2551: Property 'creditsDeducted' does not exist on type '{ model_id: string; status: request_status; id: string; created_at: Date; error_message: string | null; user_id: string; subscription_id: string | null; request_id: string; ... 17 more ...; gross_margin_usd: Decimal; }'. Did you mean 'credits_deducted'?
src/services/usage.service.ts(582,61): error TS2551: Property 'inputTokens' does not exist on type '{ model_id: string; status: request_status; id: string; created_at: Date; error_message: string | null; user_id: string; subscription_id: string | null; request_id: string; ... 17 more ...; gross_margin_usd: Decimal; }'. Did you mean 'input_tokens'?
src/services/usage.service.ts(582,77): error TS2551: Property 'outputTokens' does not exist on type '{ model_id: string; status: request_status; id: string; created_at: Date; error_message: string | null; user_id: string; subscription_id: string | null; request_id: string; ... 17 more ...; gross_margin_usd: Decimal; }'. Did you mean 'output_tokens'?
src/services/usage.service.ts(594,21): error TS2551: Property 'modelId' does not exist on type '{ model_id: string; status: request_status; id: string; created_at: Date; error_message: string | null; user_id: string; subscription_id: string | null; request_id: string; ... 17 more ...; gross_margin_usd: Decimal; }'. Did you mean 'model_id'?
src/services/usage.service.ts(600,23): error TS2339: Property 'provider' does not exist on type '{ model_id: string; status: request_status; id: string; created_at: Date; error_message: string | null; user_id: string; subscription_id: string | null; request_id: string; ... 17 more ...; gross_margin_usd: Decimal; }'.
src/services/usage.service.ts(604,28): error TS2551: Property 'inputTokens' does not exist on type '{ model_id: string; status: request_status; id: string; created_at: Date; error_message: string | null; user_id: string; subscription_id: string | null; request_id: string; ... 17 more ...; gross_margin_usd: Decimal; }'. Did you mean 'input_tokens'?
src/services/usage.service.ts(604,44): error TS2551: Property 'outputTokens' does not exist on type '{ model_id: string; status: request_status; id: string; created_at: Date; error_message: string | null; user_id: string; subscription_id: string | null; request_id: string; ... 17 more ...; gross_margin_usd: Decimal; }'. Did you mean 'output_tokens'?
src/services/usage.service.ts(605,29): error TS2551: Property 'creditsDeducted' does not exist on type '{ model_id: string; status: request_status; id: string; created_at: Date; error_message: string | null; user_id: string; subscription_id: string | null; request_id: string; ... 17 more ...; gross_margin_usd: Decimal; }'. Did you mean 'credits_deducted'?
src/services/usage.service.ts(693,9): error TS2561: Object literal may only specify known properties, but 'userId' does not exist in type 'subscription_monetizationWhereInput'. Did you mean to write 'user_id'?
src/services/user-management.service.ts(172,13): error TS2353: Object literal may only specify known properties, and 'credit_balance' does not exist in type 'usersInclude<DefaultArgs>'.
src/services/user-management.service.ts(226,11): error TS2353: Object literal may only specify known properties, and 'credit_balance' does not exist in type 'usersInclude<DefaultArgs>'.
src/services/user-management.service.ts(264,11): error TS2353: Object literal may only specify known properties, and 'credit_balance' does not exist in type 'usersInclude<DefaultArgs>'.
src/services/user-management.service.ts(281,47): error TS2339: Property 'usage_history' does not exist on type 'PrismaClient<PrismaClientOptions, never, DefaultArgs>'.
src/services/user-management.service.ts(286,32): error TS2339: Property 'credit_deductions' does not exist on type '{ status: user_status; id: string; role: string; email: string; email_verified: boolean; username: string | null; password_hash: string | null; first_name: string | null; ... 25 more ...; has_active_perpetual_license: boolean; }'.
src/services/user-management.service.ts(287,10): error TS7006: Parameter 'sum' implicitly has an 'any' type.
src/services/user-management.service.ts(287,15): error TS7006: Parameter 'deduction' implicitly has an 'any' type.
src/services/user-management.service.ts(294,48): error TS2339: Property 'usage_history' does not exist on type 'PrismaClient<PrismaClientOptions, never, DefaultArgs>'.
src/services/user-management.service.ts(349,11): error TS2353: Object literal may only specify known properties, and 'credit_balance' does not exist in type 'usersInclude<DefaultArgs>'.
src/services/user-management.service.ts(402,11): error TS2353: Object literal may only specify known properties, and 'credit_balance' does not exist in type 'usersInclude<DefaultArgs>'.
src/services/user-management.service.ts(441,11): error TS2353: Object literal may only specify known properties, and 'credit_balance' does not exist in type 'usersInclude<DefaultArgs>'.
src/services/user-management.service.ts(486,11): error TS2353: Object literal may only specify known properties, and 'credit_balance' does not exist in type 'usersInclude<DefaultArgs>'.
src/services/user-management.service.ts(525,11): error TS2353: Object literal may only specify known properties, and 'credit_balance' does not exist in type 'usersInclude<DefaultArgs>'.
src/services/user-management.service.ts(669,21): error TS2551: Property 'credit_allocations' does not exist on type 'PrismaClient<PrismaClientOptions, never, DefaultArgs>'. Did you mean 'credit_allocation'?
src/services/user-management.service.ts(678,21): error TS2551: Property 'user_credit_balances' does not exist on type 'PrismaClient<PrismaClientOptions, never, DefaultArgs>'. Did you mean 'user_credit_balance'?
src/services/user-management.service.ts(722,45): error TS2551: Property 'credit_allocations' does not exist on type 'PrismaClient<PrismaClientOptions, never, DefaultArgs>'. Did you mean 'credit_allocation'?
src/services/user-management.service.ts(728,66): error TS7006: Parameter 'alloc' implicitly has an 'any' type.
src/services/user-suspension.service.ts(72,11): error TS2353: Object literal may only specify known properties, and 'user' does not exist in type 'user_suspensionsInclude<DefaultArgs>'.
src/services/user-suspension.service.ts(131,11): error TS2353: Object literal may only specify known properties, and 'user' does not exist in type 'user_suspensionsInclude<DefaultArgs>'.
src/services/user-suspension.service.ts(162,11): error TS2353: Object literal may only specify known properties, and 'user' does not exist in type 'user_suspensionsInclude<DefaultArgs>'.
src/services/user-suspension.service.ts(220,11): error TS2353: Object literal may only specify known properties, and 'user' does not exist in type 'user_suspensionsInclude<DefaultArgs>'.
src/services/user-suspension.service.ts(274,11): error TS2353: Object literal may only specify known properties, and 'user' does not exist in type 'user_suspensionsInclude<DefaultArgs>'.
src/services/user-suspension.service.ts(356,11): error TS2353: Object literal may only specify known properties, and 'user' does not exist in type 'user_suspensionsInclude<DefaultArgs>'.
src/services/user-suspension.service.ts(492,11): error TS2353: Object literal may only specify known properties, and 'user' does not exist in type 'user_suspensionsInclude<DefaultArgs>'.
src/services/user.service.ts(235,9): error TS2322: Type '{ user_id: string; }' is not assignable to type '(Without<user_preferencesCreateInput, user_preferencesUncheckedCreateInput> & user_preferencesUncheckedCreateInput) | (Without<...> & user_preferencesCreateInput)'.
  Type '{ user_id: string; }' is not assignable to type 'Without<user_preferencesCreateInput, user_preferencesUncheckedCreateInput> & user_preferencesUncheckedCreateInput'.
    Property 'updated_at' is missing in type '{ user_id: string; }' but required in type 'user_preferencesUncheckedCreateInput'.
src/services/user.service.ts(400,9): error TS2561: Object literal may only specify known properties, but 'default_model' does not exist in type 'user_preferencesSelect<DefaultArgs>'. Did you mean to write 'default_model_id'?
src/services/user.service.ts(425,21): error TS2551: Property 'default_model' does not exist on type '{ max_tokens: number; temperature: Decimal; created_at: Date; updated_at: Date; user_id: string; default_model_id: string | null; enable_streaming: boolean; preferences_metadata: JsonValue; email_notifications: boolean; usage_alerts: boolean; }'. Did you mean 'default_model_id'?
src/services/user.service.ts(426,32): error TS2551: Property 'default_model' does not exist on type '{ max_tokens: number; temperature: Decimal; created_at: Date; updated_at: Date; user_id: string; default_model_id: string | null; enable_streaming: boolean; preferences_metadata: JsonValue; email_notifications: boolean; usage_alerts: boolean; }'. Did you mean 'default_model_id'?
src/services/user.service.ts(428,25): error TS2551: Property 'default_model' does not exist on type '{ max_tokens: number; temperature: Decimal; created_at: Date; updated_at: Date; user_id: string; default_model_id: string | null; enable_streaming: boolean; preferences_metadata: JsonValue; email_notifications: boolean; usage_alerts: boolean; }'. Did you mean 'default_model_id'?
src/services/user.service.ts(429,48): error TS2551: Property 'default_model' does not exist on type '{ max_tokens: number; temperature: Decimal; created_at: Date; updated_at: Date; user_id: string; default_model_id: string | null; enable_streaming: boolean; preferences_metadata: JsonValue; email_notifications: boolean; usage_alerts: boolean; }'. Did you mean 'default_model_id'?
src/services/user.service.ts(458,9): error TS2322: Type '{ user_id: string; }' is not assignable to type '(Without<user_preferencesCreateInput, user_preferencesUncheckedCreateInput> & user_preferencesUncheckedCreateInput) | (Without<...> & user_preferencesCreateInput)'.
  Type '{ user_id: string; }' is not assignable to type 'Without<user_preferencesCreateInput, user_preferencesUncheckedCreateInput> & user_preferencesUncheckedCreateInput'.
    Property 'updated_at' is missing in type '{ user_id: string; }' but required in type 'user_preferencesUncheckedCreateInput'.
src/services/version-upgrade.service.ts(11,24): error TS2724: '"@prisma/client"' has no exported member named 'VersionUpgrade'. Did you mean 'version_upgrade'?
src/services/version-upgrade.service.ts(11,40): error TS2724: '"@prisma/client"' has no exported member named 'PerpetualLicense'. Did you mean 'perpetual_license'?
src/services/version-upgrade.service.ts(241,7): error TS2322: Type '{ license_id: string; user_id: string; from_version: string; to_version: string; upgrade_price_usd: number; stripe_payment_intent_id: string; status: "pending"; }' is not assignable to type '(Without<version_upgradeCreateInput, version_upgradeUncheckedCreateInput> & version_upgradeUncheckedCreateInput) | (Without<...> & version_upgradeCreateInput)'.
  Type '{ license_id: string; user_id: string; from_version: string; to_version: string; upgrade_price_usd: number; stripe_payment_intent_id: string; status: "pending"; }' is not assignable to type 'Without<version_upgradeCreateInput, version_upgradeUncheckedCreateInput> & version_upgradeUncheckedCreateInput'.
    Type '{ license_id: string; user_id: string; from_version: string; to_version: string; upgrade_price_usd: number; stripe_payment_intent_id: string; status: "pending"; }' is missing the following properties from type 'version_upgradeUncheckedCreateInput': id, updated_at
src/services/webhook.service.ts(115,9): error TS2322: Type '{ webhook_config_id: string; event_type: WebhookEventType; payload: { event: WebhookEventType; timestamp: string; data: any; }; status: string; attempts: number; }' is not assignable to type '(Without<webhook_logsCreateInput, webhook_logsUncheckedCreateInput> & webhook_logsUncheckedCreateInput) | (Without<...> & webhook_logsCreateInput)'.
  Type '{ webhook_config_id: string; event_type: WebhookEventType; payload: { event: WebhookEventType; timestamp: string; data: any; }; status: string; attempts: number; }' is not assignable to type 'Without<webhook_logsCreateInput, webhook_logsUncheckedCreateInput> & webhook_logsUncheckedCreateInput'.
    Property 'id' is missing in type '{ webhook_config_id: string; event_type: WebhookEventType; payload: { event: WebhookEventType; timestamp: string; data: any; }; status: string; attempts: number; }' but required in type 'webhook_logsUncheckedCreateInput'.
src/services/webhook.service.ts(290,16): error TS2561: Object literal may only specify known properties, but 'userId' does not exist in type 'webhook_configsWhereUniqueInput'. Did you mean to write 'user_id'?
src/services/webhook.service.ts(308,16): error TS2561: Object literal may only specify known properties, but 'userId' does not exist in type 'webhook_configsWhereUniqueInput'. Did you mean to write 'user_id'?
src/services/webhook.service.ts(309,7): error TS2322: Type '{ user_id: string; webhook_url: string; webhook_secret: string; is_active: true; }' is not assignable to type '(Without<webhook_configsCreateInput, webhook_configsUncheckedCreateInput> & webhook_configsUncheckedCreateInput) | (Without<...> & webhook_configsCreateInput)'.
  Type '{ user_id: string; webhook_url: string; webhook_secret: string; is_active: true; }' is not assignable to type 'Without<webhook_configsCreateInput, webhook_configsUncheckedCreateInput> & webhook_configsUncheckedCreateInput'.
    Type '{ user_id: string; webhook_url: string; webhook_secret: string; is_active: true; }' is missing the following properties from type 'webhook_configsUncheckedCreateInput': id, updated_at
src/services/webhook.service.ts(330,16): error TS2561: Object literal may only specify known properties, but 'userId' does not exist in type 'webhook_configsWhereUniqueInput'. Did you mean to write 'user_id'?
src/types/admin-validation.ts(9,10): error TS2724: '"@prisma/client"' has no exported member named 'SubscriptionTier'. Did you mean 'subscription_tier'?
src/types/coupon-validation.ts(15,3): error TS2724: '"@prisma/client"' has no exported member named 'CouponType'. Did you mean 'coupon_type'?
src/types/coupon-validation.ts(16,3): error TS2724: '"@prisma/client"' has no exported member named 'DiscountType'. Did you mean 'discount_type'?
src/types/coupon-validation.ts(17,3): error TS2724: '"@prisma/client"' has no exported member named 'CampaignType'. Did you mean 'campaign_type'?
src/types/coupon-validation.ts(18,3): error TS2724: '"@prisma/client"' has no exported member named 'RedemptionStatus'. Did you mean 'redemption_status'?
src/types/coupon-validation.ts(19,3): error TS2724: '"@prisma/client"' has no exported member named 'FraudDetectionType'. Did you mean 'fraud_detection_type'?
src/types/coupon-validation.ts(20,3): error TS2724: '"@prisma/client"' has no exported member named 'FraudSeverity'. Did you mean 'fraud_severity'?
src/types/coupon-validation.ts(21,3): error TS2724: '"@prisma/client"' has no exported member named 'ValidationRuleType'. Did you mean 'validation_rule_type'?
src/types/coupon-validation.ts(22,3): error TS2724: '"@prisma/client"' has no exported member named 'SubscriptionTier'. Did you mean 'subscription_tier'?
src/types/coupon-validation.ts(26,3): error TS2724: '"@prisma/client"' has no exported member named 'CouponType'. Did you mean 'coupon_type'?
src/types/coupon-validation.ts(27,3): error TS2724: '"@prisma/client"' has no exported member named 'DiscountType'. Did you mean 'discount_type'?
src/types/coupon-validation.ts(28,3): error TS2724: '"@prisma/client"' has no exported member named 'CampaignType'. Did you mean 'campaign_type'?
src/types/coupon-validation.ts(29,3): error TS2724: '"@prisma/client"' has no exported member named 'FraudDetectionType'. Did you mean 'fraud_detection_type'?
src/types/coupon-validation.ts(30,3): error TS2724: '"@prisma/client"' has no exported member named 'FraudSeverity'. Did you mean 'fraud_severity'?
src/types/coupon-validation.ts(31,3): error TS2724: '"@prisma/client"' has no exported member named 'SubscriptionTier'. Did you mean 'subscription_tier'?
src/utils/tier-access.ts(13,10): error TS2724: '"@prisma/client"' has no exported member named 'SubscriptionTier'. Did you mean 'subscription_tier'?
src/utils/typeMappers.ts(38,18): error TS2724: '"D:/sources/work/rephlo-sites/backend/node_modules/.prisma/client/index".Prisma' has no exported member named 'UserGetPayload'. Did you mean 'usersGetPayload'?
src/utils/typeMappers.ts(80,18): error TS2724: '"D:/sources/work/rephlo-sites/backend/node_modules/.prisma/client/index".Prisma' has no exported member named 'UserGetPayload'. Did you mean 'usersGetPayload'?
src/utils/typeMappers.ts(115,17): error TS2724: '"D:/sources/work/rephlo-sites/backend/node_modules/.prisma/client/index".Prisma' has no exported member named 'SubscriptionMonetizationGetPayload'. Did you mean 'subscription_monetizationGetPayload'?
src/utils/typeMappers.ts(173,20): error TS2724: '"D:/sources/work/rephlo-sites/backend/node_modules/.prisma/client/index".Prisma' has no exported member named 'CouponGetPayload'. Did you mean 'couponGetPayload'?
src/utils/typeMappers.ts(261,22): error TS2724: '"D:/sources/work/rephlo-sites/backend/node_modules/.prisma/client/index".Prisma' has no exported member named 'CouponCampaignGetPayload'. Did you mean 'coupon_campaignGetPayload'?
src/utils/typeMappers.ts(312,24): error TS2724: '"D:/sources/work/rephlo-sites/backend/node_modules/.prisma/client/index".Prisma' has no exported member named 'CouponRedemptionGetPayload'. Did you mean 'coupon_redemptionGetPayload'?
src/utils/typeMappers.ts(359,19): error TS2724: '"D:/sources/work/rephlo-sites/backend/node_modules/.prisma/client/index".Prisma' has no exported member named 'CouponFraudDetectionGetPayload'. Did you mean 'coupon_fraud_detectionGetPayload'?
src/utils/typeMappers.ts(406,19): error TS2724: '"D:/sources/work/rephlo-sites/backend/node_modules/.prisma/client/index".Prisma' has no exported member named 'ProrationEventGetPayload'. Did you mean 'proration_eventGetPayload'?
